CRITICAL - 2024-05-26 05:59:18 --> ParseError: syntax error, unexpected '$tariff' (T_VARIABLE)
in APPPATH\Controllers\TariffController.php on line 113.
 1 SYSTEMPATH\Autoloader\Autoloader.php(288): CodeIgniter\Autoloader\Autoloader->includeFile('C:\\laragon\\www\\SRCTC\\app\\Controllers\\TariffController.php')
 2 SYSTEMPATH\Autoloader\Autoloader.php(266): CodeIgniter\Autoloader\Autoloader->loadInNamespace('App\\Controllers\\TariffController')
 3 [internal function]: CodeIgniter\Autoloader\Autoloader->loadClass('App\\Controllers\\TariffController')
 4 [internal function]: spl_autoload_call('App\\Controllers\\TariffController')
 5 SYSTEMPATH\CodeIgniter.php(899): class_exists('\\App\\Controllers\\TariffController', true)
 6 SYSTEMPATH\CodeIgniter.php(489): CodeIgniter\CodeIgniter->startController()
 7 SYSTEMPATH\CodeIgniter.php(361): CodeIgniter\CodeIgniter->handleRequest(null, Object(Config\Cache), false)
 8 FCPATH\index.php(79): CodeIgniter\CodeIgniter->run()
CRITICAL - 2024-05-26 06:04:16 --> ErrorException: Illegal string offset 'station'
in APPPATH\Controllers\TariffController.php on line 114.
 1 APPPATH\Controllers\TariffController.php(114): CodeIgniter\Debug\Exceptions->errorHandler(2, 'Illegal string offset \'station\'', 'C:\\laragon\\www\\SRCTC\\app\\Controllers\\TariffController.php', 114, [...])
 2 SYSTEMPATH\CodeIgniter.php(941): App\Controllers\TariffController->tariff_list_ajax()
 3 SYSTEMPATH\CodeIgniter.php(502): CodeIgniter\CodeIgniter->runController(Object(App\Controllers\TariffController))
 4 SYSTEMPATH\CodeIgniter.php(361): CodeIgniter\CodeIgniter->handleRequest(null, Object(Config\Cache), false)
 5 FCPATH\index.php(79): CodeIgniter\CodeIgniter->run()
CRITICAL - 2024-05-26 06:30:00 --> ErrorException: Invalid argument supplied for foreach()
in APPPATH\Views\Tariff\add_tariff.php on line 28.
 1 APPPATH\Views\Tariff\add_tariff.php(28): CodeIgniter\Debug\Exceptions->errorHandler(2, 'Invalid argument supplied for foreach()', 'C:\\laragon\\www\\SRCTC\\app\\Views\\Tariff\\add_tariff.php', 28, [...])
 2 SYSTEMPATH\View\View.php(228): include('C:\\laragon\\www\\SRCTC\\app\\Views\\Tariff\\add_tariff.php')
 3 SYSTEMPATH\View\View.php(231): CodeIgniter\View\View->CodeIgniter\View\{closure}()
 4 SYSTEMPATH\Common.php(1178): CodeIgniter\View\View->render('Tariff/add_tariff', [], true)
 5 APPPATH\Controllers\TariffController.php(131): view('Tariff/add_tariff', [...])
 6 SYSTEMPATH\CodeIgniter.php(941): App\Controllers\TariffController->edit_tariff('7')
 7 SYSTEMPATH\CodeIgniter.php(502): CodeIgniter\CodeIgniter->runController(Object(App\Controllers\TariffController))
 8 SYSTEMPATH\CodeIgniter.php(361): CodeIgniter\CodeIgniter->handleRequest(null, Object(Config\Cache), false)
 9 FCPATH\index.php(79): CodeIgniter\CodeIgniter->run()
CRITICAL - 2024-05-26 06:30:06 --> ErrorException: Invalid argument supplied for foreach()
in APPPATH\Views\Tariff\add_tariff.php on line 28.
 1 APPPATH\Views\Tariff\add_tariff.php(28): CodeIgniter\Debug\Exceptions->errorHandler(2, 'Invalid argument supplied for foreach()', 'C:\\laragon\\www\\SRCTC\\app\\Views\\Tariff\\add_tariff.php', 28, [...])
 2 SYSTEMPATH\View\View.php(228): include('C:\\laragon\\www\\SRCTC\\app\\Views\\Tariff\\add_tariff.php')
 3 SYSTEMPATH\View\View.php(231): CodeIgniter\View\View->CodeIgniter\View\{closure}()
 4 SYSTEMPATH\Common.php(1178): CodeIgniter\View\View->render('Tariff/add_tariff', [], true)
 5 APPPATH\Controllers\TariffController.php(131): view('Tariff/add_tariff', [...])
 6 SYSTEMPATH\CodeIgniter.php(941): App\Controllers\TariffController->edit_tariff('7')
 7 SYSTEMPATH\CodeIgniter.php(502): CodeIgniter\CodeIgniter->runController(Object(App\Controllers\TariffController))
 8 SYSTEMPATH\CodeIgniter.php(361): CodeIgniter\CodeIgniter->handleRequest(null, Object(Config\Cache), false)
 9 FCPATH\index.php(79): CodeIgniter\CodeIgniter->run()
CRITICAL - 2024-05-26 07:52:03 --> ParseError: syntax error, unexpected 'public' (T_PUBLIC)
in APPPATH\Controllers\TariffController.php on line 171.
 1 SYSTEMPATH\Autoloader\Autoloader.php(288): CodeIgniter\Autoloader\Autoloader->includeFile('C:\\laragon\\www\\SRCTC\\app\\Controllers\\TariffController.php')
 2 SYSTEMPATH\Autoloader\Autoloader.php(266): CodeIgniter\Autoloader\Autoloader->loadInNamespace('App\\Controllers\\TariffController')
 3 [internal function]: CodeIgniter\Autoloader\Autoloader->loadClass('App\\Controllers\\TariffController')
 4 [internal function]: spl_autoload_call('App\\Controllers\\TariffController')
 5 SYSTEMPATH\CodeIgniter.php(899): class_exists('\\App\\Controllers\\TariffController', true)
 6 SYSTEMPATH\CodeIgniter.php(489): CodeIgniter\CodeIgniter->startController()
 7 SYSTEMPATH\CodeIgniter.php(361): CodeIgniter\CodeIgniter->handleRequest(null, Object(Config\Cache), false)
 8 FCPATH\index.php(79): CodeIgniter\CodeIgniter->run()
CRITICAL - 2024-05-26 11:03:59 --> CodeIgniter\View\Exceptions\ViewException: Invalid file: "book_ticket.php"
in SYSTEMPATH\Exceptions\FrameworkException.php on line 39.
 1 SYSTEMPATH\View\View.php(216): CodeIgniter\Exceptions\FrameworkException::forInvalidFile('book_ticket.php')
 2 SYSTEMPATH\Common.php(1178): CodeIgniter\View\View->render('book_ticket', [], true)
 3 APPPATH\Controllers\TicketController.php(38): view('book_ticket')
 4 SYSTEMPATH\CodeIgniter.php(941): App\Controllers\TicketController->index()
 5 SYSTEMPATH\CodeIgniter.php(502): CodeIgniter\CodeIgniter->runController(Object(App\Controllers\TicketController))
 6 SYSTEMPATH\CodeIgniter.php(361): CodeIgniter\CodeIgniter->handleRequest(null, Object(Config\Cache), false)
 7 FCPATH\index.php(79): CodeIgniter\CodeIgniter->run()
CRITICAL - 2024-05-26 11:04:21 --> ErrorException: Invalid argument supplied for foreach()
in APPPATH\Views\Ticket\book_ticket.php on line 24.
 1 APPPATH\Views\Ticket\book_ticket.php(24): CodeIgniter\Debug\Exceptions->errorHandler(2, 'Invalid argument supplied for foreach()', 'C:\\laragon\\www\\SRCTC\\app\\Views\\Ticket\\book_ticket.php', 24, [...])
 2 SYSTEMPATH\View\View.php(228): include('C:\\laragon\\www\\SRCTC\\app\\Views\\Ticket\\book_ticket.php')
 3 SYSTEMPATH\View\View.php(231): CodeIgniter\View\View->CodeIgniter\View\{closure}()
 4 SYSTEMPATH\Common.php(1178): CodeIgniter\View\View->render('Ticket/book_ticket', [], true)
 5 APPPATH\Controllers\TicketController.php(38): view('Ticket/book_ticket')
 6 SYSTEMPATH\CodeIgniter.php(941): App\Controllers\TicketController->index()
 7 SYSTEMPATH\CodeIgniter.php(502): CodeIgniter\CodeIgniter->runController(Object(App\Controllers\TicketController))
 8 SYSTEMPATH\CodeIgniter.php(361): CodeIgniter\CodeIgniter->handleRequest(null, Object(Config\Cache), false)
 9 FCPATH\index.php(79): CodeIgniter\CodeIgniter->run()
CRITICAL - 2024-05-26 11:05:02 --> ErrorException: Invalid argument supplied for foreach()
in APPPATH\Views\Ticket\book_ticket.php on line 24.
 1 APPPATH\Views\Ticket\book_ticket.php(24): CodeIgniter\Debug\Exceptions->errorHandler(2, 'Invalid argument supplied for foreach()', 'C:\\laragon\\www\\SRCTC\\app\\Views\\Ticket\\book_ticket.php', 24, [...])
 2 SYSTEMPATH\View\View.php(228): include('C:\\laragon\\www\\SRCTC\\app\\Views\\Ticket\\book_ticket.php')
 3 SYSTEMPATH\View\View.php(231): CodeIgniter\View\View->CodeIgniter\View\{closure}()
 4 SYSTEMPATH\Common.php(1178): CodeIgniter\View\View->render('Ticket/book_ticket', [], true)
 5 APPPATH\Controllers\TicketController.php(38): view('Ticket/book_ticket')
 6 SYSTEMPATH\CodeIgniter.php(941): App\Controllers\TicketController->index()
 7 SYSTEMPATH\CodeIgniter.php(502): CodeIgniter\CodeIgniter->runController(Object(App\Controllers\TicketController))
 8 SYSTEMPATH\CodeIgniter.php(361): CodeIgniter\CodeIgniter->handleRequest(null, Object(Config\Cache), false)
 9 FCPATH\index.php(79): CodeIgniter\CodeIgniter->run()
CRITICAL - 2024-05-26 11:05:11 --> ErrorException: Invalid argument supplied for foreach()
in APPPATH\Views\Ticket\book_ticket.php on line 24.
 1 APPPATH\Views\Ticket\book_ticket.php(24): CodeIgniter\Debug\Exceptions->errorHandler(2, 'Invalid argument supplied for foreach()', 'C:\\laragon\\www\\SRCTC\\app\\Views\\Ticket\\book_ticket.php', 24, [...])
 2 SYSTEMPATH\View\View.php(228): include('C:\\laragon\\www\\SRCTC\\app\\Views\\Ticket\\book_ticket.php')
 3 SYSTEMPATH\View\View.php(231): CodeIgniter\View\View->CodeIgniter\View\{closure}()
 4 SYSTEMPATH\Common.php(1178): CodeIgniter\View\View->render('Ticket/book_ticket', [], true)
 5 APPPATH\Controllers\TicketController.php(38): view('Ticket/book_ticket')
 6 SYSTEMPATH\CodeIgniter.php(941): App\Controllers\TicketController->index()
 7 SYSTEMPATH\CodeIgniter.php(502): CodeIgniter\CodeIgniter->runController(Object(App\Controllers\TicketController))
 8 SYSTEMPATH\CodeIgniter.php(361): CodeIgniter\CodeIgniter->handleRequest(null, Object(Config\Cache), false)
 9 FCPATH\index.php(79): CodeIgniter\CodeIgniter->run()
CRITICAL - 2024-05-26 11:22:35 --> ErrorException: Invalid argument supplied for foreach()
in APPPATH\Views\Ticket\book_ticket.php on line 21.
 1 APPPATH\Views\Ticket\book_ticket.php(21): CodeIgniter\Debug\Exceptions->errorHandler(2, 'Invalid argument supplied for foreach()', 'C:\\laragon\\www\\SRCTC\\app\\Views\\Ticket\\book_ticket.php', 21, [...])
 2 SYSTEMPATH\View\View.php(228): include('C:\\laragon\\www\\SRCTC\\app\\Views\\Ticket\\book_ticket.php')
 3 SYSTEMPATH\View\View.php(231): CodeIgniter\View\View->CodeIgniter\View\{closure}()
 4 SYSTEMPATH\Common.php(1178): CodeIgniter\View\View->render('Ticket/book_ticket', [], true)
 5 APPPATH\Controllers\TicketController.php(38): view('Ticket/book_ticket')
 6 SYSTEMPATH\CodeIgniter.php(941): App\Controllers\TicketController->index()
 7 SYSTEMPATH\CodeIgniter.php(502): CodeIgniter\CodeIgniter->runController(Object(App\Controllers\TicketController))
 8 SYSTEMPATH\CodeIgniter.php(361): CodeIgniter\CodeIgniter->handleRequest(null, Object(Config\Cache), false)
 9 FCPATH\index.php(79): CodeIgniter\CodeIgniter->run()
CRITICAL - 2024-05-26 12:06:41 --> Error: Call to a member function getBookings() on null
in APPPATH\Controllers\TicketController.php on line 38.
 1 SYSTEMPATH\CodeIgniter.php(941): App\Controllers\TicketController->index()
 2 SYSTEMPATH\CodeIgniter.php(502): CodeIgniter\CodeIgniter->runController(Object(App\Controllers\TicketController))
 3 SYSTEMPATH\CodeIgniter.php(361): CodeIgniter\CodeIgniter->handleRequest(null, Object(Config\Cache), false)
 4 FCPATH\index.php(79): CodeIgniter\CodeIgniter->run()
CRITICAL - 2024-05-26 16:24:14 --> ParseError: syntax error, unexpected ')'
in APPPATH\Views\Ticket\book_ticket.php on line 42.
 1 SYSTEMPATH\View\View.php(231): CodeIgniter\View\View->CodeIgniter\View\{closure}()
 2 SYSTEMPATH\Common.php(1178): CodeIgniter\View\View->render('Ticket/book_ticket', [], true)
 3 APPPATH\Controllers\TicketController.php(57): view('Ticket/book_ticket', [...])
 4 SYSTEMPATH\CodeIgniter.php(941): App\Controllers\TicketController->index()
 5 SYSTEMPATH\CodeIgniter.php(502): CodeIgniter\CodeIgniter->runController(Object(App\Controllers\TicketController))
 6 SYSTEMPATH\CodeIgniter.php(361): CodeIgniter\CodeIgniter->handleRequest(null, Object(Config\Cache), false)
 7 FCPATH\index.php(79): CodeIgniter\CodeIgniter->run()
