CRITICAL - 2024-05-18 16:49:36 --> ParseError: syntax error, unexpected 'foreach' (T_FOREACH), expecting ']'
in APPPATH\Controllers\TariffController.php on line 27.
 1 SYSTEMPATH\Autoloader\Autoloader.php(288): CodeIgniter\Autoloader\Autoloader->includeFile('C:\\laragon\\www\\SRCTC\\app\\Controllers\\TariffController.php')
 2 SYSTEMPATH\Autoloader\Autoloader.php(266): CodeIgniter\Autoloader\Autoloader->loadInNamespace('App\\Controllers\\TariffController')
 3 [internal function]: CodeIgniter\Autoloader\Autoloader->loadClass('App\\Controllers\\TariffController')
 4 [internal function]: spl_autoload_call('App\\Controllers\\TariffController')
 5 SYSTEMPATH\CodeIgniter.php(899): class_exists('\\App\\Controllers\\TariffController', true)
 6 SYSTEMPATH\CodeIgniter.php(489): CodeIgniter\CodeIgniter->startController()
 7 SYSTEMPATH\CodeIgniter.php(361): CodeIgniter\CodeIgniter->handleRequest(null, Object(Config\Cache), false)
 8 FCPATH\index.php(79): CodeIgniter\CodeIgniter->run()
CRITICAL - 2024-05-18 16:55:18 --> ParseError: syntax error, unexpected 'foreach' (T_FOREACH), expecting ']'
in APPPATH\Controllers\TariffController.php on line 27.
 1 SYSTEMPATH\Autoloader\Autoloader.php(288): CodeIgniter\Autoloader\Autoloader->includeFile('C:\\laragon\\www\\SRCTC\\app\\Controllers\\TariffController.php')
 2 SYSTEMPATH\Autoloader\Autoloader.php(266): CodeIgniter\Autoloader\Autoloader->loadInNamespace('App\\Controllers\\TariffController')
 3 [internal function]: CodeIgniter\Autoloader\Autoloader->loadClass('App\\Controllers\\TariffController')
 4 [internal function]: spl_autoload_call('App\\Controllers\\TariffController')
 5 SYSTEMPATH\CodeIgniter.php(899): class_exists('\\App\\Controllers\\TariffController', true)
 6 SYSTEMPATH\CodeIgniter.php(489): CodeIgniter\CodeIgniter->startController()
 7 SYSTEMPATH\CodeIgniter.php(361): CodeIgniter\CodeIgniter->handleRequest(null, Object(Config\Cache), false)
 8 FCPATH\index.php(79): CodeIgniter\CodeIgniter->run()
CRITICAL - 2024-05-18 17:00:59 --> ParseError: syntax error, unexpected 'foreach' (T_FOREACH), expecting ']'
in APPPATH\Controllers\TariffController.php on line 27.
 1 SYSTEMPATH\Autoloader\Autoloader.php(288): CodeIgniter\Autoloader\Autoloader->includeFile('C:\\laragon\\www\\SRCTC\\app\\Controllers\\TariffController.php')
 2 SYSTEMPATH\Autoloader\Autoloader.php(266): CodeIgniter\Autoloader\Autoloader->loadInNamespace('App\\Controllers\\TariffController')
 3 [internal function]: CodeIgniter\Autoloader\Autoloader->loadClass('App\\Controllers\\TariffController')
 4 [internal function]: spl_autoload_call('App\\Controllers\\TariffController')
 5 SYSTEMPATH\CodeIgniter.php(899): class_exists('\\App\\Controllers\\TariffController', true)
 6 SYSTEMPATH\CodeIgniter.php(489): CodeIgniter\CodeIgniter->startController()
 7 SYSTEMPATH\CodeIgniter.php(361): CodeIgniter\CodeIgniter->handleRequest(null, Object(Config\Cache), false)
 8 FCPATH\index.php(79): CodeIgniter\CodeIgniter->run()
ERROR - 2024-05-18 17:19:05 --> mysqli_sql_exception: Unknown column 'route_rates_pkm' in 'field list' in C:\laragon\www\SRCTC\system\Database\MySQLi\Connection.php:306
Stack trace:
#0 C:\laragon\www\SRCTC\system\Database\MySQLi\Connection.php(306): mysqli->query('INSERT INTO `sr...', 0)
#1 C:\laragon\www\SRCTC\system\Database\BaseConnection.php(693): CodeIgniter\Database\MySQLi\Connection->execute('INSERT INTO `sr...')
#2 C:\laragon\www\SRCTC\system\Database\BaseConnection.php(607): CodeIgniter\Database\BaseConnection->simpleQuery('INSERT INTO `sr...')
#3 C:\laragon\www\SRCTC\system\Database\BaseBuilder.php(2307): CodeIgniter\Database\BaseConnection->query('INSERT INTO `sr...', Array, false)
#4 C:\laragon\www\SRCTC\system\Model.php(326): CodeIgniter\Database\BaseBuilder->insert()
#5 C:\laragon\www\SRCTC\system\BaseModel.php(802): CodeIgniter\Model->doInsert(Array)
#6 C:\laragon\www\SRCTC\system\Model.php(744): CodeIgniter\BaseModel->insert(Array, true)
#7 C:\laragon\www\SRCTC\app\Controllers\TariffController.php(31): CodeIgniter\Model->insert(Array)
#8 C:\laragon\www\SRCTC\system\CodeIgniter.php(941): App\Controllers\TariffController->index()
#9 C:\laragon\www\SRCTC\system\CodeIgniter.php(502): CodeIgniter\CodeIgniter->runController(Object(App\Controllers\TariffController))
#10 C:\laragon\www\SRCTC\system\CodeIgniter.php(361): CodeIgniter\CodeIgniter->handleRequest(NULL, Object(Config\Cache), false)
#11 C:\laragon\www\SRCTC\index.php(79): CodeIgniter\CodeIgniter->run()
#12 {main}
CRITICAL - 2024-05-18 17:19:05 --> CodeIgniter\Database\Exceptions\DatabaseException: Unknown column 'route_rates_pkm' in 'field list'
in SYSTEMPATH\Database\BaseConnection.php on line 647.
 1 SYSTEMPATH\Database\BaseBuilder.php(2307): CodeIgniter\Database\BaseConnection->query('INSERT INTO `srctc_tariff_routes` (`route_id`, `route_km`, `route_rates_pkm`) VALUES (:route_id:, :route_km:, :route_rates_pkm:)', [...], false)
 2 SYSTEMPATH\Model.php(326): CodeIgniter\Database\BaseBuilder->insert()
 3 SYSTEMPATH\BaseModel.php(802): CodeIgniter\Model->doInsert([...])
 4 SYSTEMPATH\Model.php(744): CodeIgniter\BaseModel->insert([...], true)
 5 APPPATH\Controllers\TariffController.php(31): CodeIgniter\Model->insert([...])
 6 SYSTEMPATH\CodeIgniter.php(941): App\Controllers\TariffController->index()
 7 SYSTEMPATH\CodeIgniter.php(502): CodeIgniter\CodeIgniter->runController(Object(App\Controllers\TariffController))
 8 SYSTEMPATH\CodeIgniter.php(361): CodeIgniter\CodeIgniter->handleRequest(null, Object(Config\Cache), false)
 9 FCPATH\index.php(79): CodeIgniter\CodeIgniter->run()
CRITICAL - 2024-05-18 17:19:05 --> [Caused by] CodeIgniter\Database\Exceptions\DatabaseException: Unknown column 'route_rates_pkm' in 'field list'
in SYSTEMPATH\Database\MySQLi\Connection.php on line 311.
 1 SYSTEMPATH\Database\BaseConnection.php(693): CodeIgniter\Database\MySQLi\Connection->execute('INSERT INTO `srctc_tariff_routes` (`route_id`, `route_km`, `route_rates_pkm`) VALUES (NULL, \'\', \'100\')')
 2 SYSTEMPATH\Database\BaseConnection.php(607): CodeIgniter\Database\BaseConnection->simpleQuery('INSERT INTO `srctc_tariff_routes` (`route_id`, `route_km`, `route_rates_pkm`) VALUES (NULL, \'\', \'100\')')
 3 SYSTEMPATH\Database\BaseBuilder.php(2307): CodeIgniter\Database\BaseConnection->query('INSERT INTO `srctc_tariff_routes` (`route_id`, `route_km`, `route_rates_pkm`) VALUES (:route_id:, :route_km:, :route_rates_pkm:)', [...], false)
 4 SYSTEMPATH\Model.php(326): CodeIgniter\Database\BaseBuilder->insert()
 5 SYSTEMPATH\BaseModel.php(802): CodeIgniter\Model->doInsert([...])
 6 SYSTEMPATH\Model.php(744): CodeIgniter\BaseModel->insert([...], true)
 7 APPPATH\Controllers\TariffController.php(31): CodeIgniter\Model->insert([...])
 8 SYSTEMPATH\CodeIgniter.php(941): App\Controllers\TariffController->index()
 9 SYSTEMPATH\CodeIgniter.php(502): CodeIgniter\CodeIgniter->runController(Object(App\Controllers\TariffController))
10 SYSTEMPATH\CodeIgniter.php(361): CodeIgniter\CodeIgniter->handleRequest(null, Object(Config\Cache), false)
11 FCPATH\index.php(79): CodeIgniter\CodeIgniter->run()
CRITICAL - 2024-05-18 17:19:05 --> [Caused by] mysqli_sql_exception: Unknown column 'route_rates_pkm' in 'field list'
in SYSTEMPATH\Database\MySQLi\Connection.php on line 306.
 1 SYSTEMPATH\Database\MySQLi\Connection.php(306): mysqli->query('INSERT INTO `srctc_tariff_routes` (`route_id`, `route_km`, `route_rates_pkm`) VALUES (NULL, \'\', \'100\')', 0)
 2 SYSTEMPATH\Database\BaseConnection.php(693): CodeIgniter\Database\MySQLi\Connection->execute('INSERT INTO `srctc_tariff_routes` (`route_id`, `route_km`, `route_rates_pkm`) VALUES (NULL, \'\', \'100\')')
 3 SYSTEMPATH\Database\BaseConnection.php(607): CodeIgniter\Database\BaseConnection->simpleQuery('INSERT INTO `srctc_tariff_routes` (`route_id`, `route_km`, `route_rates_pkm`) VALUES (NULL, \'\', \'100\')')
 4 SYSTEMPATH\Database\BaseBuilder.php(2307): CodeIgniter\Database\BaseConnection->query('INSERT INTO `srctc_tariff_routes` (`route_id`, `route_km`, `route_rates_pkm`) VALUES (:route_id:, :route_km:, :route_rates_pkm:)', [...], false)
 5 SYSTEMPATH\Model.php(326): CodeIgniter\Database\BaseBuilder->insert()
 6 SYSTEMPATH\BaseModel.php(802): CodeIgniter\Model->doInsert([...])
 7 SYSTEMPATH\Model.php(744): CodeIgniter\BaseModel->insert([...], true)
 8 APPPATH\Controllers\TariffController.php(31): CodeIgniter\Model->insert([...])
 9 SYSTEMPATH\CodeIgniter.php(941): App\Controllers\TariffController->index()
10 SYSTEMPATH\CodeIgniter.php(502): CodeIgniter\CodeIgniter->runController(Object(App\Controllers\TariffController))
11 SYSTEMPATH\CodeIgniter.php(361): CodeIgniter\CodeIgniter->handleRequest(null, Object(Config\Cache), false)
12 FCPATH\index.php(79): CodeIgniter\CodeIgniter->run()
CRITICAL - 2024-05-18 17:22:39 --> CodeIgniter\Database\Exceptions\DataException: There is no data to update.
in SYSTEMPATH\BaseModel.php on line 1778.
 1 SYSTEMPATH\BaseModel.php(1778): CodeIgniter\Database\Exceptions\DataException::forEmptyDataset('update')
 2 SYSTEMPATH\BaseModel.php(956): CodeIgniter\BaseModel->transformDataToArray(null, 'update')
 3 SYSTEMPATH\Model.php(807): CodeIgniter\BaseModel->update([...], null)
 4 APPPATH\Controllers\TariffController.php(31): CodeIgniter\Model->update([...])
 5 SYSTEMPATH\CodeIgniter.php(941): App\Controllers\TariffController->index()
 6 SYSTEMPATH\CodeIgniter.php(502): CodeIgniter\CodeIgniter->runController(Object(App\Controllers\TariffController))
 7 SYSTEMPATH\CodeIgniter.php(361): CodeIgniter\CodeIgniter->handleRequest(null, Object(Config\Cache), false)
 8 FCPATH\index.php(79): CodeIgniter\CodeIgniter->run()
CRITICAL - 2024-05-18 17:24:30 --> ErrorException: Invalid argument supplied for foreach()
in APPPATH\Controllers\TariffController.php on line 25.
 1 APPPATH\Controllers\TariffController.php(25): CodeIgniter\Debug\Exceptions->errorHandler(2, 'Invalid argument supplied for foreach()', 'C:\\laragon\\www\\SRCTC\\app\\Controllers\\TariffController.php', 25, [...])
 2 SYSTEMPATH\CodeIgniter.php(941): App\Controllers\TariffController->index()
 3 SYSTEMPATH\CodeIgniter.php(502): CodeIgniter\CodeIgniter->runController(Object(App\Controllers\TariffController))
 4 SYSTEMPATH\CodeIgniter.php(361): CodeIgniter\CodeIgniter->handleRequest(null, Object(Config\Cache), false)
 5 FCPATH\index.php(79): CodeIgniter\CodeIgniter->run()
CRITICAL - 2024-05-18 17:26:06 --> CodeIgniter\View\Exceptions\ViewException: Invalid file: "Tariff/update_tariff.php"
in SYSTEMPATH\Exceptions\FrameworkException.php on line 39.
 1 SYSTEMPATH\View\View.php(216): CodeIgniter\Exceptions\FrameworkException::forInvalidFile('Tariff/update_tariff.php')
 2 SYSTEMPATH\Common.php(1178): CodeIgniter\View\View->render('Tariff/update_tariff', [], true)
 3 APPPATH\Controllers\TariffController.php(40): view('Tariff/update_tariff', [...])
 4 SYSTEMPATH\CodeIgniter.php(941): App\Controllers\TariffController->index()
 5 SYSTEMPATH\CodeIgniter.php(502): CodeIgniter\CodeIgniter->runController(Object(App\Controllers\TariffController))
 6 SYSTEMPATH\CodeIgniter.php(361): CodeIgniter\CodeIgniter->handleRequest(null, Object(Config\Cache), false)
 7 FCPATH\index.php(79): CodeIgniter\CodeIgniter->run()
