CRITICAL - 2024-03-31 03:29:41 --> ParseError: syntax error, unexpected '<'
in APPPATH\Views\users_list.php on line 35.
 1 SYSTEMPATH\View\View.php(231): CodeIgniter\View\View->CodeIgniter\View\{closure}()
 2 SYSTEMPATH\Common.php(1178): CodeIgniter\View\View->render('users_list', [], true)
 3 APPPATH\Controllers\Home.php(168): view('users_list')
 4 SYSTEMPATH\CodeIgniter.php(941): App\Controllers\Home->user_list()
 5 SYSTEMPATH\CodeIgniter.php(502): CodeIgniter\CodeIgniter->runController(Object(App\Controllers\Home))
 6 SYSTEMPATH\CodeIgniter.php(361): CodeIgniter\CodeIgniter->handleRequest(null, Object(Config\Cache), false)
 7 FCPATH\index.php(79): CodeIgniter\CodeIgniter->run()
CRITICAL - 2024-03-31 15:31:29 --> CodeIgniter\Database\Exceptions\DataException: There is no data to update.
in SYSTEMPATH\BaseModel.php on line 1778.
 1 SYSTEMPATH\BaseModel.php(1778): CodeIgniter\Database\Exceptions\DataException::forEmptyDataset('update')
 2 SYSTEMPATH\BaseModel.php(956): CodeIgniter\BaseModel->transformDataToArray(null, 'update')
 3 SYSTEMPATH\Model.php(807): CodeIgniter\BaseModel->update([...], null)
 4 APPPATH\Controllers\companyController.php(27): CodeIgniter\Model->update([...])
 5 SYSTEMPATH\CodeIgniter.php(941): App\Controllers\companyController->index()
 6 SYSTEMPATH\CodeIgniter.php(502): CodeIgniter\CodeIgniter->runController(Object(App\Controllers\companyController))
 7 SYSTEMPATH\CodeIgniter.php(361): CodeIgniter\CodeIgniter->handleRequest(null, Object(Config\Cache), false)
 8 FCPATH\index.php(79): CodeIgniter\CodeIgniter->run()
CRITICAL - 2024-03-31 15:42:38 --> ParseError: syntax error, unexpected 'exit' (T_EXIT)
in APPPATH\Views\company_setting.php on line 20.
 1 SYSTEMPATH\View\View.php(231): CodeIgniter\View\View->CodeIgniter\View\{closure}()
 2 SYSTEMPATH\Common.php(1178): CodeIgniter\View\View->render('company_setting', [], true)
 3 APPPATH\Controllers\companyController.php(39): view('company_setting', [...])
 4 SYSTEMPATH\CodeIgniter.php(941): App\Controllers\companyController->index()
 5 SYSTEMPATH\CodeIgniter.php(502): CodeIgniter\CodeIgniter->runController(Object(App\Controllers\companyController))
 6 SYSTEMPATH\CodeIgniter.php(361): CodeIgniter\CodeIgniter->handleRequest(null, Object(Config\Cache), false)
 7 FCPATH\index.php(79): CodeIgniter\CodeIgniter->run()
CRITICAL - 2024-03-31 16:12:27 --> ParseError: syntax error, unexpected ')'
in APPPATH\Views\header.php on line 64.
 1 SYSTEMPATH\View\View.php(231): CodeIgniter\View\View->CodeIgniter\View\{closure}()
 2 SYSTEMPATH\Common.php(1178): CodeIgniter\View\View->render('header', [], true)
 3 APPPATH\Controllers\companyController.php(38): view('header', [...])
 4 SYSTEMPATH\CodeIgniter.php(941): App\Controllers\companyController->index()
 5 SYSTEMPATH\CodeIgniter.php(502): CodeIgniter\CodeIgniter->runController(Object(App\Controllers\companyController))
 6 SYSTEMPATH\CodeIgniter.php(361): CodeIgniter\CodeIgniter->handleRequest(null, Object(Config\Cache), false)
 7 FCPATH\index.php(79): CodeIgniter\CodeIgniter->run()
CRITICAL - 2024-03-31 16:12:38 --> ParseError: syntax error, unexpected ')'
in APPPATH\Views\header.php on line 64.
 1 SYSTEMPATH\View\View.php(231): CodeIgniter\View\View->CodeIgniter\View\{closure}()
 2 SYSTEMPATH\Common.php(1178): CodeIgniter\View\View->render('header', [], true)
 3 APPPATH\Controllers\companyController.php(38): view('header', [...])
 4 SYSTEMPATH\CodeIgniter.php(941): App\Controllers\companyController->index()
 5 SYSTEMPATH\CodeIgniter.php(502): CodeIgniter\CodeIgniter->runController(Object(App\Controllers\companyController))
 6 SYSTEMPATH\CodeIgniter.php(361): CodeIgniter\CodeIgniter->handleRequest(null, Object(Config\Cache), false)
 7 FCPATH\index.php(79): CodeIgniter\CodeIgniter->run()
CRITICAL - 2024-03-31 16:16:14 --> ParseError: syntax error, unexpected '$header' (T_VARIABLE)
in APPPATH\Controllers\companyController.php on line 37.
 1 SYSTEMPATH\Autoloader\Autoloader.php(288): CodeIgniter\Autoloader\Autoloader->includeFile('C:\\laragon\\www\\SRCTC\\app\\Controllers\\companyController.php')
 2 SYSTEMPATH\Autoloader\Autoloader.php(266): CodeIgniter\Autoloader\Autoloader->loadInNamespace('App\\Controllers\\companyController')
 3 [internal function]: CodeIgniter\Autoloader\Autoloader->loadClass('App\\Controllers\\companyController')
 4 [internal function]: spl_autoload_call('App\\Controllers\\companyController')
 5 SYSTEMPATH\CodeIgniter.php(899): class_exists('\\App\\Controllers\\companyController', true)
 6 SYSTEMPATH\CodeIgniter.php(489): CodeIgniter\CodeIgniter->startController()
 7 SYSTEMPATH\CodeIgniter.php(361): CodeIgniter\CodeIgniter->handleRequest(null, Object(Config\Cache), false)
 8 FCPATH\index.php(79): CodeIgniter\CodeIgniter->run()
CRITICAL - 2024-03-31 16:16:29 --> ParseError: syntax error, unexpected '$header' (T_VARIABLE)
in APPPATH\Controllers\companyController.php on line 37.
 1 SYSTEMPATH\Autoloader\Autoloader.php(288): CodeIgniter\Autoloader\Autoloader->includeFile('C:\\laragon\\www\\SRCTC\\app\\Controllers\\companyController.php')
 2 SYSTEMPATH\Autoloader\Autoloader.php(266): CodeIgniter\Autoloader\Autoloader->loadInNamespace('App\\Controllers\\companyController')
 3 [internal function]: CodeIgniter\Autoloader\Autoloader->loadClass('App\\Controllers\\companyController')
 4 [internal function]: spl_autoload_call('App\\Controllers\\companyController')
 5 SYSTEMPATH\CodeIgniter.php(899): class_exists('\\App\\Controllers\\companyController', true)
 6 SYSTEMPATH\CodeIgniter.php(489): CodeIgniter\CodeIgniter->startController()
 7 SYSTEMPATH\CodeIgniter.php(361): CodeIgniter\CodeIgniter->handleRequest(null, Object(Config\Cache), false)
 8 FCPATH\index.php(79): CodeIgniter\CodeIgniter->run()
CRITICAL - 2024-03-31 16:16:35 --> ParseError: syntax error, unexpected ')'
in APPPATH\Views\header.php on line 64.
 1 SYSTEMPATH\View\View.php(231): CodeIgniter\View\View->CodeIgniter\View\{closure}()
 2 SYSTEMPATH\Common.php(1178): CodeIgniter\View\View->render('header', [], true)
 3 APPPATH\Controllers\companyController.php(38): view('header', [...])
 4 SYSTEMPATH\CodeIgniter.php(941): App\Controllers\companyController->index()
 5 SYSTEMPATH\CodeIgniter.php(502): CodeIgniter\CodeIgniter->runController(Object(App\Controllers\companyController))
 6 SYSTEMPATH\CodeIgniter.php(361): CodeIgniter\CodeIgniter->handleRequest(null, Object(Config\Cache), false)
 7 FCPATH\index.php(79): CodeIgniter\CodeIgniter->run()
