ERROR - 2024-05-12 05:28:28 --> mysqli_sql_exception: You have an error in your SQL syntax; check the manual that corresponds to your MySQL server version for the right syntax to use near '`=` = 0' at line 3 in C:\laragon\www\SRCTC\system\Database\MySQLi\Connection.php:306
Stack trace:
#0 C:\laragon\www\SRCTC\system\Database\MySQLi\Connection.php(306): mysqli->query('SELECT *\nFROM `...', 0)
#1 C:\laragon\www\SRCTC\system\Database\BaseConnection.php(693): CodeIgniter\Database\MySQLi\Connection->execute('SELECT *\nFROM `...')
#2 C:\laragon\www\SRCTC\system\Database\BaseConnection.php(607): CodeIgniter\Database\BaseConnection->simpleQuery('SELECT *\nFROM `...')
#3 C:\laragon\www\SRCTC\system\Database\BaseBuilder.php(1616): CodeIgniter\Database\BaseConnection->query('SELECT *\nFROM `...', Array, false)
#4 C:\laragon\www\SRCTC\system\Model.php(242): CodeIgniter\Database\BaseBuilder->get()
#5 C:\laragon\www\SRCTC\system\BaseModel.php(638): CodeIgniter\Model->doFindAll(0, 0)
#6 C:\laragon\www\SRCTC\app\Controllers\RouteController.php(52): CodeIgniter\BaseModel->findAll()
#7 C:\laragon\www\SRCTC\system\CodeIgniter.php(941): App\Controllers\RouteController->index()
#8 C:\laragon\www\SRCTC\system\CodeIgniter.php(502): CodeIgniter\CodeIgniter->runController(Object(App\Controllers\RouteController))
#9 C:\laragon\www\SRCTC\system\CodeIgniter.php(361): CodeIgniter\CodeIgniter->handleRequest(NULL, Object(Config\Cache), false)
#10 C:\laragon\www\SRCTC\index.php(79): CodeIgniter\CodeIgniter->run()
#11 {main}
CRITICAL - 2024-05-12 05:28:28 --> CodeIgniter\Database\Exceptions\DatabaseException: You have an error in your SQL syntax; check the manual that corresponds to your MySQL server version for the right syntax to use near '`=` = 0' at line 3
in SYSTEMPATH\Database\BaseConnection.php on line 647.
 1 SYSTEMPATH\Database\BaseBuilder.php(1616): CodeIgniter\Database\BaseConnection->query('SELECT *
FROM `srctc_train`
WHERE `status` `=` = :status =:', [...], false)
 2 SYSTEMPATH\Model.php(242): CodeIgniter\Database\BaseBuilder->get()
 3 SYSTEMPATH\BaseModel.php(638): CodeIgniter\Model->doFindAll(0, 0)
 4 APPPATH\Controllers\RouteController.php(52): CodeIgniter\BaseModel->findAll()
 5 SYSTEMPATH\CodeIgniter.php(941): App\Controllers\RouteController->index()
 6 SYSTEMPATH\CodeIgniter.php(502): CodeIgniter\CodeIgniter->runController(Object(App\Controllers\RouteController))
 7 SYSTEMPATH\CodeIgniter.php(361): CodeIgniter\CodeIgniter->handleRequest(null, Object(Config\Cache), false)
 8 FCPATH\index.php(79): CodeIgniter\CodeIgniter->run()
CRITICAL - 2024-05-12 05:28:28 --> [Caused by] CodeIgniter\Database\Exceptions\DatabaseException: You have an error in your SQL syntax; check the manual that corresponds to your MySQL server version for the right syntax to use near '`=` = 0' at line 3
in SYSTEMPATH\Database\MySQLi\Connection.php on line 311.
 1 SYSTEMPATH\Database\BaseConnection.php(693): CodeIgniter\Database\MySQLi\Connection->execute('SELECT *
FROM `srctc_train`
WHERE `status` `=` = 0')
 2 SYSTEMPATH\Database\BaseConnection.php(607): CodeIgniter\Database\BaseConnection->simpleQuery('SELECT *
FROM `srctc_train`
WHERE `status` `=` = 0')
 3 SYSTEMPATH\Database\BaseBuilder.php(1616): CodeIgniter\Database\BaseConnection->query('SELECT *
FROM `srctc_train`
WHERE `status` `=` = :status =:', [...], false)
 4 SYSTEMPATH\Model.php(242): CodeIgniter\Database\BaseBuilder->get()
 5 SYSTEMPATH\BaseModel.php(638): CodeIgniter\Model->doFindAll(0, 0)
 6 APPPATH\Controllers\RouteController.php(52): CodeIgniter\BaseModel->findAll()
 7 SYSTEMPATH\CodeIgniter.php(941): App\Controllers\RouteController->index()
 8 SYSTEMPATH\CodeIgniter.php(502): CodeIgniter\CodeIgniter->runController(Object(App\Controllers\RouteController))
 9 SYSTEMPATH\CodeIgniter.php(361): CodeIgniter\CodeIgniter->handleRequest(null, Object(Config\Cache), false)
10 FCPATH\index.php(79): CodeIgniter\CodeIgniter->run()
CRITICAL - 2024-05-12 05:28:28 --> [Caused by] mysqli_sql_exception: You have an error in your SQL syntax; check the manual that corresponds to your MySQL server version for the right syntax to use near '`=` = 0' at line 3
in SYSTEMPATH\Database\MySQLi\Connection.php on line 306.
 1 SYSTEMPATH\Database\MySQLi\Connection.php(306): mysqli->query('SELECT *
FROM `srctc_train`
WHERE `status` `=` = 0', 0)
 2 SYSTEMPATH\Database\BaseConnection.php(693): CodeIgniter\Database\MySQLi\Connection->execute('SELECT *
FROM `srctc_train`
WHERE `status` `=` = 0')
 3 SYSTEMPATH\Database\BaseConnection.php(607): CodeIgniter\Database\BaseConnection->simpleQuery('SELECT *
FROM `srctc_train`
WHERE `status` `=` = 0')
 4 SYSTEMPATH\Database\BaseBuilder.php(1616): CodeIgniter\Database\BaseConnection->query('SELECT *
FROM `srctc_train`
WHERE `status` `=` = :status =:', [...], false)
 5 SYSTEMPATH\Model.php(242): CodeIgniter\Database\BaseBuilder->get()
 6 SYSTEMPATH\BaseModel.php(638): CodeIgniter\Model->doFindAll(0, 0)
 7 APPPATH\Controllers\RouteController.php(52): CodeIgniter\BaseModel->findAll()
 8 SYSTEMPATH\CodeIgniter.php(941): App\Controllers\RouteController->index()
 9 SYSTEMPATH\CodeIgniter.php(502): CodeIgniter\CodeIgniter->runController(Object(App\Controllers\RouteController))
10 SYSTEMPATH\CodeIgniter.php(361): CodeIgniter\CodeIgniter->handleRequest(null, Object(Config\Cache), false)
11 FCPATH\index.php(79): CodeIgniter\CodeIgniter->run()
ERROR - 2024-05-12 05:29:35 --> mysqli_sql_exception: Operand should contain 1 column(s) in C:\laragon\www\SRCTC\system\Database\MySQLi\Connection.php:306
Stack trace:
#0 C:\laragon\www\SRCTC\system\Database\MySQLi\Connection.php(306): mysqli->query('INSERT INTO `sr...', 0)
#1 C:\laragon\www\SRCTC\system\Database\BaseConnection.php(693): CodeIgniter\Database\MySQLi\Connection->execute('INSERT INTO `sr...')
#2 C:\laragon\www\SRCTC\system\Database\BaseConnection.php(607): CodeIgniter\Database\BaseConnection->simpleQuery('INSERT INTO `sr...')
#3 C:\laragon\www\SRCTC\system\Database\BaseBuilder.php(2307): CodeIgniter\Database\BaseConnection->query('INSERT INTO `sr...', Array, false)
#4 C:\laragon\www\SRCTC\system\Model.php(326): CodeIgniter\Database\BaseBuilder->insert()
#5 C:\laragon\www\SRCTC\system\BaseModel.php(802): CodeIgniter\Model->doInsert(Array)
#6 C:\laragon\www\SRCTC\system\Model.php(744): CodeIgniter\BaseModel->insert(Array, true)
#7 C:\laragon\www\SRCTC\app\Controllers\RouteController.php(44): CodeIgniter\Model->insert(Array)
#8 C:\laragon\www\SRCTC\system\CodeIgniter.php(941): App\Controllers\RouteController->index()
#9 C:\laragon\www\SRCTC\system\CodeIgniter.php(502): CodeIgniter\CodeIgniter->runController(Object(App\Controllers\RouteController))
#10 C:\laragon\www\SRCTC\system\CodeIgniter.php(361): CodeIgniter\CodeIgniter->handleRequest(NULL, Object(Config\Cache), false)
#11 C:\laragon\www\SRCTC\index.php(79): CodeIgniter\CodeIgniter->run()
#12 {main}
CRITICAL - 2024-05-12 05:29:35 --> CodeIgniter\Database\Exceptions\DatabaseException: Operand should contain 1 column(s)
in SYSTEMPATH\Database\BaseConnection.php on line 647.
 1 SYSTEMPATH\Database\BaseBuilder.php(2307): CodeIgniter\Database\BaseConnection->query('INSERT INTO `srctc_routes` (`route_train`, `route_start`, `route_end`, `route_stations`, `departure_time`, `arrival_time`, `created_at`) VALUES (:route_train:, :route_start:, :route_end:, :route_stations:, :departure_time:, :arrival_time:, :created_at:)', [...], false)
 2 SYSTEMPATH\Model.php(326): CodeIgniter\Database\BaseBuilder->insert()
 3 SYSTEMPATH\BaseModel.php(802): CodeIgniter\Model->doInsert([...])
 4 SYSTEMPATH\Model.php(744): CodeIgniter\BaseModel->insert([...], true)
 5 APPPATH\Controllers\RouteController.php(44): CodeIgniter\Model->insert([...])
 6 SYSTEMPATH\CodeIgniter.php(941): App\Controllers\RouteController->index()
 7 SYSTEMPATH\CodeIgniter.php(502): CodeIgniter\CodeIgniter->runController(Object(App\Controllers\RouteController))
 8 SYSTEMPATH\CodeIgniter.php(361): CodeIgniter\CodeIgniter->handleRequest(null, Object(Config\Cache), false)
 9 FCPATH\index.php(79): CodeIgniter\CodeIgniter->run()
CRITICAL - 2024-05-12 05:29:35 --> [Caused by] CodeIgniter\Database\Exceptions\DatabaseException: Operand should contain 1 column(s)
in SYSTEMPATH\Database\MySQLi\Connection.php on line 311.
 1 SYSTEMPATH\Database\BaseConnection.php(693): CodeIgniter\Database\MySQLi\Connection->execute('INSERT INTO `srctc_routes` (`route_train`, `route_start`, `route_end`, `route_stations`, `departure_time`, `arrival_time`, `created_at`) VALUES (\'4\', \'2\', \'3\', (\'2,3\',\'2,6\'), \'10:59\', \'14:59\', \'2024-05-12 05:29:35\')')
 2 SYSTEMPATH\Database\BaseConnection.php(607): CodeIgniter\Database\BaseConnection->simpleQuery('INSERT INTO `srctc_routes` (`route_train`, `route_start`, `route_end`, `route_stations`, `departure_time`, `arrival_time`, `created_at`) VALUES (\'4\', \'2\', \'3\', (\'2,3\',\'2,6\'), \'10:59\', \'14:59\', \'2024-05-12 05:29:35\')')
 3 SYSTEMPATH\Database\BaseBuilder.php(2307): CodeIgniter\Database\BaseConnection->query('INSERT INTO `srctc_routes` (`route_train`, `route_start`, `route_end`, `route_stations`, `departure_time`, `arrival_time`, `created_at`) VALUES (:route_train:, :route_start:, :route_end:, :route_stations:, :departure_time:, :arrival_time:, :created_at:)', [...], false)
 4 SYSTEMPATH\Model.php(326): CodeIgniter\Database\BaseBuilder->insert()
 5 SYSTEMPATH\BaseModel.php(802): CodeIgniter\Model->doInsert([...])
 6 SYSTEMPATH\Model.php(744): CodeIgniter\BaseModel->insert([...], true)
 7 APPPATH\Controllers\RouteController.php(44): CodeIgniter\Model->insert([...])
 8 SYSTEMPATH\CodeIgniter.php(941): App\Controllers\RouteController->index()
 9 SYSTEMPATH\CodeIgniter.php(502): CodeIgniter\CodeIgniter->runController(Object(App\Controllers\RouteController))
10 SYSTEMPATH\CodeIgniter.php(361): CodeIgniter\CodeIgniter->handleRequest(null, Object(Config\Cache), false)
11 FCPATH\index.php(79): CodeIgniter\CodeIgniter->run()
CRITICAL - 2024-05-12 05:29:35 --> [Caused by] mysqli_sql_exception: Operand should contain 1 column(s)
in SYSTEMPATH\Database\MySQLi\Connection.php on line 306.
 1 SYSTEMPATH\Database\MySQLi\Connection.php(306): mysqli->query('INSERT INTO `srctc_routes` (`route_train`, `route_start`, `route_end`, `route_stations`, `departure_time`, `arrival_time`, `created_at`) VALUES (\'4\', \'2\', \'3\', (\'2,3\',\'2,6\'), \'10:59\', \'14:59\', \'2024-05-12 05:29:35\')', 0)
 2 SYSTEMPATH\Database\BaseConnection.php(693): CodeIgniter\Database\MySQLi\Connection->execute('INSERT INTO `srctc_routes` (`route_train`, `route_start`, `route_end`, `route_stations`, `departure_time`, `arrival_time`, `created_at`) VALUES (\'4\', \'2\', \'3\', (\'2,3\',\'2,6\'), \'10:59\', \'14:59\', \'2024-05-12 05:29:35\')')
 3 SYSTEMPATH\Database\BaseConnection.php(607): CodeIgniter\Database\BaseConnection->simpleQuery('INSERT INTO `srctc_routes` (`route_train`, `route_start`, `route_end`, `route_stations`, `departure_time`, `arrival_time`, `created_at`) VALUES (\'4\', \'2\', \'3\', (\'2,3\',\'2,6\'), \'10:59\', \'14:59\', \'2024-05-12 05:29:35\')')
 4 SYSTEMPATH\Database\BaseBuilder.php(2307): CodeIgniter\Database\BaseConnection->query('INSERT INTO `srctc_routes` (`route_train`, `route_start`, `route_end`, `route_stations`, `departure_time`, `arrival_time`, `created_at`) VALUES (:route_train:, :route_start:, :route_end:, :route_stations:, :departure_time:, :arrival_time:, :created_at:)', [...], false)
 5 SYSTEMPATH\Model.php(326): CodeIgniter\Database\BaseBuilder->insert()
 6 SYSTEMPATH\BaseModel.php(802): CodeIgniter\Model->doInsert([...])
 7 SYSTEMPATH\Model.php(744): CodeIgniter\BaseModel->insert([...], true)
 8 APPPATH\Controllers\RouteController.php(44): CodeIgniter\Model->insert([...])
 9 SYSTEMPATH\CodeIgniter.php(941): App\Controllers\RouteController->index()
10 SYSTEMPATH\CodeIgniter.php(502): CodeIgniter\CodeIgniter->runController(Object(App\Controllers\RouteController))
11 SYSTEMPATH\CodeIgniter.php(361): CodeIgniter\CodeIgniter->handleRequest(null, Object(Config\Cache), false)
12 FCPATH\index.php(79): CodeIgniter\CodeIgniter->run()
ERROR - 2024-05-12 05:35:01 --> mysqli_sql_exception: Operand should contain 1 column(s) in C:\laragon\www\SRCTC\system\Database\MySQLi\Connection.php:306
Stack trace:
#0 C:\laragon\www\SRCTC\system\Database\MySQLi\Connection.php(306): mysqli->query('INSERT INTO `sr...', 0)
#1 C:\laragon\www\SRCTC\system\Database\BaseConnection.php(693): CodeIgniter\Database\MySQLi\Connection->execute('INSERT INTO `sr...')
#2 C:\laragon\www\SRCTC\system\Database\BaseConnection.php(607): CodeIgniter\Database\BaseConnection->simpleQuery('INSERT INTO `sr...')
#3 C:\laragon\www\SRCTC\system\Database\BaseBuilder.php(2307): CodeIgniter\Database\BaseConnection->query('INSERT INTO `sr...', Array, false)
#4 C:\laragon\www\SRCTC\system\Model.php(326): CodeIgniter\Database\BaseBuilder->insert()
#5 C:\laragon\www\SRCTC\system\BaseModel.php(802): CodeIgniter\Model->doInsert(Array)
#6 C:\laragon\www\SRCTC\system\Model.php(744): CodeIgniter\BaseModel->insert(Array, true)
#7 C:\laragon\www\SRCTC\app\Controllers\RouteController.php(51): CodeIgniter\Model->insert(Array)
#8 C:\laragon\www\SRCTC\system\CodeIgniter.php(941): App\Controllers\RouteController->index()
#9 C:\laragon\www\SRCTC\system\CodeIgniter.php(502): CodeIgniter\CodeIgniter->runController(Object(App\Controllers\RouteController))
#10 C:\laragon\www\SRCTC\system\CodeIgniter.php(361): CodeIgniter\CodeIgniter->handleRequest(NULL, Object(Config\Cache), false)
#11 C:\laragon\www\SRCTC\index.php(79): CodeIgniter\CodeIgniter->run()
#12 {main}
CRITICAL - 2024-05-12 05:35:01 --> CodeIgniter\Database\Exceptions\DatabaseException: Operand should contain 1 column(s)
in SYSTEMPATH\Database\BaseConnection.php on line 647.
 1 SYSTEMPATH\Database\BaseBuilder.php(2307): CodeIgniter\Database\BaseConnection->query('INSERT INTO `srctc_routes` (`route_train`, `route_start`, `route_end`, `route_stations`, `departure_time`, `arrival_time`, `created_at`) VALUES (:route_train:, :route_start:, :route_end:, :route_stations:, :departure_time:, :arrival_time:, :created_at:)', [...], false)
 2 SYSTEMPATH\Model.php(326): CodeIgniter\Database\BaseBuilder->insert()
 3 SYSTEMPATH\BaseModel.php(802): CodeIgniter\Model->doInsert([...])
 4 SYSTEMPATH\Model.php(744): CodeIgniter\BaseModel->insert([...], true)
 5 APPPATH\Controllers\RouteController.php(51): CodeIgniter\Model->insert([...])
 6 SYSTEMPATH\CodeIgniter.php(941): App\Controllers\RouteController->index()
 7 SYSTEMPATH\CodeIgniter.php(502): CodeIgniter\CodeIgniter->runController(Object(App\Controllers\RouteController))
 8 SYSTEMPATH\CodeIgniter.php(361): CodeIgniter\CodeIgniter->handleRequest(null, Object(Config\Cache), false)
 9 FCPATH\index.php(79): CodeIgniter\CodeIgniter->run()
CRITICAL - 2024-05-12 05:35:01 --> [Caused by] CodeIgniter\Database\Exceptions\DatabaseException: Operand should contain 1 column(s)
in SYSTEMPATH\Database\MySQLi\Connection.php on line 311.
 1 SYSTEMPATH\Database\BaseConnection.php(693): CodeIgniter\Database\MySQLi\Connection->execute('INSERT INTO `srctc_routes` (`route_train`, `route_start`, `route_end`, `route_stations`, `departure_time`, `arrival_time`, `created_at`) VALUES (\'4\', \'2\', \'3\', (\'2,3\',\'2,6\'), \'10:59\', \'14:59\', \'2024-05-12 05:35:01\')')
 2 SYSTEMPATH\Database\BaseConnection.php(607): CodeIgniter\Database\BaseConnection->simpleQuery('INSERT INTO `srctc_routes` (`route_train`, `route_start`, `route_end`, `route_stations`, `departure_time`, `arrival_time`, `created_at`) VALUES (\'4\', \'2\', \'3\', (\'2,3\',\'2,6\'), \'10:59\', \'14:59\', \'2024-05-12 05:35:01\')')
 3 SYSTEMPATH\Database\BaseBuilder.php(2307): CodeIgniter\Database\BaseConnection->query('INSERT INTO `srctc_routes` (`route_train`, `route_start`, `route_end`, `route_stations`, `departure_time`, `arrival_time`, `created_at`) VALUES (:route_train:, :route_start:, :route_end:, :route_stations:, :departure_time:, :arrival_time:, :created_at:)', [...], false)
 4 SYSTEMPATH\Model.php(326): CodeIgniter\Database\BaseBuilder->insert()
 5 SYSTEMPATH\BaseModel.php(802): CodeIgniter\Model->doInsert([...])
 6 SYSTEMPATH\Model.php(744): CodeIgniter\BaseModel->insert([...], true)
 7 APPPATH\Controllers\RouteController.php(51): CodeIgniter\Model->insert([...])
 8 SYSTEMPATH\CodeIgniter.php(941): App\Controllers\RouteController->index()
 9 SYSTEMPATH\CodeIgniter.php(502): CodeIgniter\CodeIgniter->runController(Object(App\Controllers\RouteController))
10 SYSTEMPATH\CodeIgniter.php(361): CodeIgniter\CodeIgniter->handleRequest(null, Object(Config\Cache), false)
11 FCPATH\index.php(79): CodeIgniter\CodeIgniter->run()
CRITICAL - 2024-05-12 05:35:01 --> [Caused by] mysqli_sql_exception: Operand should contain 1 column(s)
in SYSTEMPATH\Database\MySQLi\Connection.php on line 306.
 1 SYSTEMPATH\Database\MySQLi\Connection.php(306): mysqli->query('INSERT INTO `srctc_routes` (`route_train`, `route_start`, `route_end`, `route_stations`, `departure_time`, `arrival_time`, `created_at`) VALUES (\'4\', \'2\', \'3\', (\'2,3\',\'2,6\'), \'10:59\', \'14:59\', \'2024-05-12 05:35:01\')', 0)
 2 SYSTEMPATH\Database\BaseConnection.php(693): CodeIgniter\Database\MySQLi\Connection->execute('INSERT INTO `srctc_routes` (`route_train`, `route_start`, `route_end`, `route_stations`, `departure_time`, `arrival_time`, `created_at`) VALUES (\'4\', \'2\', \'3\', (\'2,3\',\'2,6\'), \'10:59\', \'14:59\', \'2024-05-12 05:35:01\')')
 3 SYSTEMPATH\Database\BaseConnection.php(607): CodeIgniter\Database\BaseConnection->simpleQuery('INSERT INTO `srctc_routes` (`route_train`, `route_start`, `route_end`, `route_stations`, `departure_time`, `arrival_time`, `created_at`) VALUES (\'4\', \'2\', \'3\', (\'2,3\',\'2,6\'), \'10:59\', \'14:59\', \'2024-05-12 05:35:01\')')
 4 SYSTEMPATH\Database\BaseBuilder.php(2307): CodeIgniter\Database\BaseConnection->query('INSERT INTO `srctc_routes` (`route_train`, `route_start`, `route_end`, `route_stations`, `departure_time`, `arrival_time`, `created_at`) VALUES (:route_train:, :route_start:, :route_end:, :route_stations:, :departure_time:, :arrival_time:, :created_at:)', [...], false)
 5 SYSTEMPATH\Model.php(326): CodeIgniter\Database\BaseBuilder->insert()
 6 SYSTEMPATH\BaseModel.php(802): CodeIgniter\Model->doInsert([...])
 7 SYSTEMPATH\Model.php(744): CodeIgniter\BaseModel->insert([...], true)
 8 APPPATH\Controllers\RouteController.php(51): CodeIgniter\Model->insert([...])
 9 SYSTEMPATH\CodeIgniter.php(941): App\Controllers\RouteController->index()
10 SYSTEMPATH\CodeIgniter.php(502): CodeIgniter\CodeIgniter->runController(Object(App\Controllers\RouteController))
11 SYSTEMPATH\CodeIgniter.php(361): CodeIgniter\CodeIgniter->handleRequest(null, Object(Config\Cache), false)
12 FCPATH\index.php(79): CodeIgniter\CodeIgniter->run()
CRITICAL - 2024-05-12 05:35:22 --> ErrorException: Invalid argument supplied for foreach()
in APPPATH\Controllers\RouteController.php on line 34.
 1 APPPATH\Controllers\RouteController.php(34): CodeIgniter\Debug\Exceptions->errorHandler(2, 'Invalid argument supplied for foreach()', 'C:\\laragon\\www\\SRCTC\\app\\Controllers\\RouteController.php', 34, [...])
 2 SYSTEMPATH\CodeIgniter.php(941): App\Controllers\RouteController->index()
 3 SYSTEMPATH\CodeIgniter.php(502): CodeIgniter\CodeIgniter->runController(Object(App\Controllers\RouteController))
 4 SYSTEMPATH\CodeIgniter.php(361): CodeIgniter\CodeIgniter->handleRequest(null, Object(Config\Cache), false)
 5 FCPATH\index.php(79): CodeIgniter\CodeIgniter->run()
CRITICAL - 2024-05-12 05:36:48 --> ErrorException: Invalid argument supplied for foreach()
in APPPATH\Controllers\RouteController.php on line 35.
 1 APPPATH\Controllers\RouteController.php(35): CodeIgniter\Debug\Exceptions->errorHandler(2, 'Invalid argument supplied for foreach()', 'C:\\laragon\\www\\SRCTC\\app\\Controllers\\RouteController.php', 35, [...])
 2 SYSTEMPATH\CodeIgniter.php(941): App\Controllers\RouteController->index()
 3 SYSTEMPATH\CodeIgniter.php(502): CodeIgniter\CodeIgniter->runController(Object(App\Controllers\RouteController))
 4 SYSTEMPATH\CodeIgniter.php(361): CodeIgniter\CodeIgniter->handleRequest(null, Object(Config\Cache), false)
 5 FCPATH\index.php(79): CodeIgniter\CodeIgniter->run()
CRITICAL - 2024-05-12 05:37:59 --> ErrorException: Invalid argument supplied for foreach()
in APPPATH\Controllers\RouteController.php on line 33.
 1 APPPATH\Controllers\RouteController.php(33): CodeIgniter\Debug\Exceptions->errorHandler(2, 'Invalid argument supplied for foreach()', 'C:\\laragon\\www\\SRCTC\\app\\Controllers\\RouteController.php', 33, [...])
 2 SYSTEMPATH\CodeIgniter.php(941): App\Controllers\RouteController->index()
 3 SYSTEMPATH\CodeIgniter.php(502): CodeIgniter\CodeIgniter->runController(Object(App\Controllers\RouteController))
 4 SYSTEMPATH\CodeIgniter.php(361): CodeIgniter\CodeIgniter->handleRequest(null, Object(Config\Cache), false)
 5 FCPATH\index.php(79): CodeIgniter\CodeIgniter->run()
CRITICAL - 2024-05-12 05:38:01 --> ErrorException: Invalid argument supplied for foreach()
in APPPATH\Controllers\RouteController.php on line 33.
 1 APPPATH\Controllers\RouteController.php(33): CodeIgniter\Debug\Exceptions->errorHandler(2, 'Invalid argument supplied for foreach()', 'C:\\laragon\\www\\SRCTC\\app\\Controllers\\RouteController.php', 33, [...])
 2 SYSTEMPATH\CodeIgniter.php(941): App\Controllers\RouteController->index()
 3 SYSTEMPATH\CodeIgniter.php(502): CodeIgniter\CodeIgniter->runController(Object(App\Controllers\RouteController))
 4 SYSTEMPATH\CodeIgniter.php(361): CodeIgniter\CodeIgniter->handleRequest(null, Object(Config\Cache), false)
 5 FCPATH\index.php(79): CodeIgniter\CodeIgniter->run()
ERROR - 2024-05-12 05:38:49 --> mysqli_sql_exception: You have an error in your SQL syntax; check the manual that corresponds to your MySQL server version for the right syntax to use near '), '10:59', '14:59', '2024-05-12 05:38:49')' at line 1 in C:\laragon\www\SRCTC\system\Database\MySQLi\Connection.php:306
Stack trace:
#0 C:\laragon\www\SRCTC\system\Database\MySQLi\Connection.php(306): mysqli->query('INSERT INTO `sr...', 0)
#1 C:\laragon\www\SRCTC\system\Database\BaseConnection.php(693): CodeIgniter\Database\MySQLi\Connection->execute('INSERT INTO `sr...')
#2 C:\laragon\www\SRCTC\system\Database\BaseConnection.php(607): CodeIgniter\Database\BaseConnection->simpleQuery('INSERT INTO `sr...')
#3 C:\laragon\www\SRCTC\system\Database\BaseBuilder.php(2307): CodeIgniter\Database\BaseConnection->query('INSERT INTO `sr...', Array, false)
#4 C:\laragon\www\SRCTC\system\Model.php(326): CodeIgniter\Database\BaseBuilder->insert()
#5 C:\laragon\www\SRCTC\system\BaseModel.php(802): CodeIgniter\Model->doInsert(Array)
#6 C:\laragon\www\SRCTC\system\Model.php(744): CodeIgniter\BaseModel->insert(Array, true)
#7 C:\laragon\www\SRCTC\app\Controllers\RouteController.php(52): CodeIgniter\Model->insert(Array)
#8 C:\laragon\www\SRCTC\system\CodeIgniter.php(941): App\Controllers\RouteController->index()
#9 C:\laragon\www\SRCTC\system\CodeIgniter.php(502): CodeIgniter\CodeIgniter->runController(Object(App\Controllers\RouteController))
#10 C:\laragon\www\SRCTC\system\CodeIgniter.php(361): CodeIgniter\CodeIgniter->handleRequest(NULL, Object(Config\Cache), false)
#11 C:\laragon\www\SRCTC\index.php(79): CodeIgniter\CodeIgniter->run()
#12 {main}
CRITICAL - 2024-05-12 05:38:49 --> CodeIgniter\Database\Exceptions\DatabaseException: You have an error in your SQL syntax; check the manual that corresponds to your MySQL server version for the right syntax to use near '), '10:59', '14:59', '2024-05-12 05:38:49')' at line 1
in SYSTEMPATH\Database\BaseConnection.php on line 647.
 1 SYSTEMPATH\Database\BaseBuilder.php(2307): CodeIgniter\Database\BaseConnection->query('INSERT INTO `srctc_routes` (`route_train`, `route_start`, `route_end`, `route_stations`, `departure_time`, `arrival_time`, `created_at`) VALUES (:route_train:, :route_start:, :route_end:, :route_stations:, :departure_time:, :arrival_time:, :created_at:)', [...], false)
 2 SYSTEMPATH\Model.php(326): CodeIgniter\Database\BaseBuilder->insert()
 3 SYSTEMPATH\BaseModel.php(802): CodeIgniter\Model->doInsert([...])
 4 SYSTEMPATH\Model.php(744): CodeIgniter\BaseModel->insert([...], true)
 5 APPPATH\Controllers\RouteController.php(52): CodeIgniter\Model->insert([...])
 6 SYSTEMPATH\CodeIgniter.php(941): App\Controllers\RouteController->index()
 7 SYSTEMPATH\CodeIgniter.php(502): CodeIgniter\CodeIgniter->runController(Object(App\Controllers\RouteController))
 8 SYSTEMPATH\CodeIgniter.php(361): CodeIgniter\CodeIgniter->handleRequest(null, Object(Config\Cache), false)
 9 FCPATH\index.php(79): CodeIgniter\CodeIgniter->run()
CRITICAL - 2024-05-12 05:38:49 --> [Caused by] CodeIgniter\Database\Exceptions\DatabaseException: You have an error in your SQL syntax; check the manual that corresponds to your MySQL server version for the right syntax to use near '), '10:59', '14:59', '2024-05-12 05:38:49')' at line 1
in SYSTEMPATH\Database\MySQLi\Connection.php on line 311.
 1 SYSTEMPATH\Database\BaseConnection.php(693): CodeIgniter\Database\MySQLi\Connection->execute('INSERT INTO `srctc_routes` (`route_train`, `route_start`, `route_end`, `route_stations`, `departure_time`, `arrival_time`, `created_at`) VALUES (\'4\', \'2\', \'3\', (), \'10:59\', \'14:59\', \'2024-05-12 05:38:49\')')
 2 SYSTEMPATH\Database\BaseConnection.php(607): CodeIgniter\Database\BaseConnection->simpleQuery('INSERT INTO `srctc_routes` (`route_train`, `route_start`, `route_end`, `route_stations`, `departure_time`, `arrival_time`, `created_at`) VALUES (\'4\', \'2\', \'3\', (), \'10:59\', \'14:59\', \'2024-05-12 05:38:49\')')
 3 SYSTEMPATH\Database\BaseBuilder.php(2307): CodeIgniter\Database\BaseConnection->query('INSERT INTO `srctc_routes` (`route_train`, `route_start`, `route_end`, `route_stations`, `departure_time`, `arrival_time`, `created_at`) VALUES (:route_train:, :route_start:, :route_end:, :route_stations:, :departure_time:, :arrival_time:, :created_at:)', [...], false)
 4 SYSTEMPATH\Model.php(326): CodeIgniter\Database\BaseBuilder->insert()
 5 SYSTEMPATH\BaseModel.php(802): CodeIgniter\Model->doInsert([...])
 6 SYSTEMPATH\Model.php(744): CodeIgniter\BaseModel->insert([...], true)
 7 APPPATH\Controllers\RouteController.php(52): CodeIgniter\Model->insert([...])
 8 SYSTEMPATH\CodeIgniter.php(941): App\Controllers\RouteController->index()
 9 SYSTEMPATH\CodeIgniter.php(502): CodeIgniter\CodeIgniter->runController(Object(App\Controllers\RouteController))
10 SYSTEMPATH\CodeIgniter.php(361): CodeIgniter\CodeIgniter->handleRequest(null, Object(Config\Cache), false)
11 FCPATH\index.php(79): CodeIgniter\CodeIgniter->run()
CRITICAL - 2024-05-12 05:38:50 --> [Caused by] mysqli_sql_exception: You have an error in your SQL syntax; check the manual that corresponds to your MySQL server version for the right syntax to use near '), '10:59', '14:59', '2024-05-12 05:38:49')' at line 1
in SYSTEMPATH\Database\MySQLi\Connection.php on line 306.
 1 SYSTEMPATH\Database\MySQLi\Connection.php(306): mysqli->query('INSERT INTO `srctc_routes` (`route_train`, `route_start`, `route_end`, `route_stations`, `departure_time`, `arrival_time`, `created_at`) VALUES (\'4\', \'2\', \'3\', (), \'10:59\', \'14:59\', \'2024-05-12 05:38:49\')', 0)
 2 SYSTEMPATH\Database\BaseConnection.php(693): CodeIgniter\Database\MySQLi\Connection->execute('INSERT INTO `srctc_routes` (`route_train`, `route_start`, `route_end`, `route_stations`, `departure_time`, `arrival_time`, `created_at`) VALUES (\'4\', \'2\', \'3\', (), \'10:59\', \'14:59\', \'2024-05-12 05:38:49\')')
 3 SYSTEMPATH\Database\BaseConnection.php(607): CodeIgniter\Database\BaseConnection->simpleQuery('INSERT INTO `srctc_routes` (`route_train`, `route_start`, `route_end`, `route_stations`, `departure_time`, `arrival_time`, `created_at`) VALUES (\'4\', \'2\', \'3\', (), \'10:59\', \'14:59\', \'2024-05-12 05:38:49\')')
 4 SYSTEMPATH\Database\BaseBuilder.php(2307): CodeIgniter\Database\BaseConnection->query('INSERT INTO `srctc_routes` (`route_train`, `route_start`, `route_end`, `route_stations`, `departure_time`, `arrival_time`, `created_at`) VALUES (:route_train:, :route_start:, :route_end:, :route_stations:, :departure_time:, :arrival_time:, :created_at:)', [...], false)
 5 SYSTEMPATH\Model.php(326): CodeIgniter\Database\BaseBuilder->insert()
 6 SYSTEMPATH\BaseModel.php(802): CodeIgniter\Model->doInsert([...])
 7 SYSTEMPATH\Model.php(744): CodeIgniter\BaseModel->insert([...], true)
 8 APPPATH\Controllers\RouteController.php(52): CodeIgniter\Model->insert([...])
 9 SYSTEMPATH\CodeIgniter.php(941): App\Controllers\RouteController->index()
10 SYSTEMPATH\CodeIgniter.php(502): CodeIgniter\CodeIgniter->runController(Object(App\Controllers\RouteController))
11 SYSTEMPATH\CodeIgniter.php(361): CodeIgniter\CodeIgniter->handleRequest(null, Object(Config\Cache), false)
12 FCPATH\index.php(79): CodeIgniter\CodeIgniter->run()
CRITICAL - 2024-05-12 05:40:31 --> CodeIgniter\Database\Exceptions\DataException: There is no data to update.
in SYSTEMPATH\BaseModel.php on line 970.
 1 SYSTEMPATH\BaseModel.php(970): CodeIgniter\Database\Exceptions\DataException::forEmptyDataset('update')
 2 SYSTEMPATH\Model.php(807): CodeIgniter\BaseModel->update([...], [])
 3 APPPATH\Controllers\RouteController.php(56): CodeIgniter\Model->update('4', [...])
 4 SYSTEMPATH\CodeIgniter.php(941): App\Controllers\RouteController->index()
 5 SYSTEMPATH\CodeIgniter.php(502): CodeIgniter\CodeIgniter->runController(Object(App\Controllers\RouteController))
 6 SYSTEMPATH\CodeIgniter.php(361): CodeIgniter\CodeIgniter->handleRequest(null, Object(Config\Cache), false)
 7 FCPATH\index.php(79): CodeIgniter\CodeIgniter->run()
CRITICAL - 2024-05-12 05:44:44 --> CodeIgniter\Database\Exceptions\DataException: There is no data to update.
in SYSTEMPATH\BaseModel.php on line 970.
 1 SYSTEMPATH\BaseModel.php(970): CodeIgniter\Database\Exceptions\DataException::forEmptyDataset('update')
 2 SYSTEMPATH\Model.php(807): CodeIgniter\BaseModel->update([...], [])
 3 APPPATH\Controllers\RouteController.php(56): CodeIgniter\Model->update('4', [...])
 4 SYSTEMPATH\CodeIgniter.php(941): App\Controllers\RouteController->index()
 5 SYSTEMPATH\CodeIgniter.php(502): CodeIgniter\CodeIgniter->runController(Object(App\Controllers\RouteController))
 6 SYSTEMPATH\CodeIgniter.php(361): CodeIgniter\CodeIgniter->handleRequest(null, Object(Config\Cache), false)
 7 FCPATH\index.php(79): CodeIgniter\CodeIgniter->run()
ERROR - 2024-05-12 05:45:39 --> mysqli_sql_exception: You have an error in your SQL syntax; check the manual that corresponds to your MySQL server version for the right syntax to use near '), '10:59', '14:59', '2024-05-12 05:45:39')' at line 1 in C:\laragon\www\SRCTC\system\Database\MySQLi\Connection.php:306
Stack trace:
#0 C:\laragon\www\SRCTC\system\Database\MySQLi\Connection.php(306): mysqli->query('INSERT INTO `sr...', 0)
#1 C:\laragon\www\SRCTC\system\Database\BaseConnection.php(693): CodeIgniter\Database\MySQLi\Connection->execute('INSERT INTO `sr...')
#2 C:\laragon\www\SRCTC\system\Database\BaseConnection.php(607): CodeIgniter\Database\BaseConnection->simpleQuery('INSERT INTO `sr...')
#3 C:\laragon\www\SRCTC\system\Database\BaseBuilder.php(2307): CodeIgniter\Database\BaseConnection->query('INSERT INTO `sr...', Array, false)
#4 C:\laragon\www\SRCTC\system\Model.php(326): CodeIgniter\Database\BaseBuilder->insert()
#5 C:\laragon\www\SRCTC\system\BaseModel.php(802): CodeIgniter\Model->doInsert(Array)
#6 C:\laragon\www\SRCTC\system\Model.php(744): CodeIgniter\BaseModel->insert(Array, true)
#7 C:\laragon\www\SRCTC\app\Controllers\RouteController.php(52): CodeIgniter\Model->insert(Array)
#8 C:\laragon\www\SRCTC\system\CodeIgniter.php(941): App\Controllers\RouteController->index()
#9 C:\laragon\www\SRCTC\system\CodeIgniter.php(502): CodeIgniter\CodeIgniter->runController(Object(App\Controllers\RouteController))
#10 C:\laragon\www\SRCTC\system\CodeIgniter.php(361): CodeIgniter\CodeIgniter->handleRequest(NULL, Object(Config\Cache), false)
#11 C:\laragon\www\SRCTC\index.php(79): CodeIgniter\CodeIgniter->run()
#12 {main}
CRITICAL - 2024-05-12 05:45:39 --> CodeIgniter\Database\Exceptions\DatabaseException: You have an error in your SQL syntax; check the manual that corresponds to your MySQL server version for the right syntax to use near '), '10:59', '14:59', '2024-05-12 05:45:39')' at line 1
in SYSTEMPATH\Database\BaseConnection.php on line 647.
 1 SYSTEMPATH\Database\BaseBuilder.php(2307): CodeIgniter\Database\BaseConnection->query('INSERT INTO `srctc_routes` (`route_train`, `route_start`, `route_end`, `route_stations`, `departure_time`, `arrival_time`, `created_at`) VALUES (:route_train:, :route_start:, :route_end:, :route_stations:, :departure_time:, :arrival_time:, :created_at:)', [...], false)
 2 SYSTEMPATH\Model.php(326): CodeIgniter\Database\BaseBuilder->insert()
 3 SYSTEMPATH\BaseModel.php(802): CodeIgniter\Model->doInsert([...])
 4 SYSTEMPATH\Model.php(744): CodeIgniter\BaseModel->insert([...], true)
 5 APPPATH\Controllers\RouteController.php(52): CodeIgniter\Model->insert([...])
 6 SYSTEMPATH\CodeIgniter.php(941): App\Controllers\RouteController->index()
 7 SYSTEMPATH\CodeIgniter.php(502): CodeIgniter\CodeIgniter->runController(Object(App\Controllers\RouteController))
 8 SYSTEMPATH\CodeIgniter.php(361): CodeIgniter\CodeIgniter->handleRequest(null, Object(Config\Cache), false)
 9 FCPATH\index.php(79): CodeIgniter\CodeIgniter->run()
CRITICAL - 2024-05-12 05:45:39 --> [Caused by] CodeIgniter\Database\Exceptions\DatabaseException: You have an error in your SQL syntax; check the manual that corresponds to your MySQL server version for the right syntax to use near '), '10:59', '14:59', '2024-05-12 05:45:39')' at line 1
in SYSTEMPATH\Database\MySQLi\Connection.php on line 311.
 1 SYSTEMPATH\Database\BaseConnection.php(693): CodeIgniter\Database\MySQLi\Connection->execute('INSERT INTO `srctc_routes` (`route_train`, `route_start`, `route_end`, `route_stations`, `departure_time`, `arrival_time`, `created_at`) VALUES (\'4\', \'2\', \'3\', (), \'10:59\', \'14:59\', \'2024-05-12 05:45:39\')')
 2 SYSTEMPATH\Database\BaseConnection.php(607): CodeIgniter\Database\BaseConnection->simpleQuery('INSERT INTO `srctc_routes` (`route_train`, `route_start`, `route_end`, `route_stations`, `departure_time`, `arrival_time`, `created_at`) VALUES (\'4\', \'2\', \'3\', (), \'10:59\', \'14:59\', \'2024-05-12 05:45:39\')')
 3 SYSTEMPATH\Database\BaseBuilder.php(2307): CodeIgniter\Database\BaseConnection->query('INSERT INTO `srctc_routes` (`route_train`, `route_start`, `route_end`, `route_stations`, `departure_time`, `arrival_time`, `created_at`) VALUES (:route_train:, :route_start:, :route_end:, :route_stations:, :departure_time:, :arrival_time:, :created_at:)', [...], false)
 4 SYSTEMPATH\Model.php(326): CodeIgniter\Database\BaseBuilder->insert()
 5 SYSTEMPATH\BaseModel.php(802): CodeIgniter\Model->doInsert([...])
 6 SYSTEMPATH\Model.php(744): CodeIgniter\BaseModel->insert([...], true)
 7 APPPATH\Controllers\RouteController.php(52): CodeIgniter\Model->insert([...])
 8 SYSTEMPATH\CodeIgniter.php(941): App\Controllers\RouteController->index()
 9 SYSTEMPATH\CodeIgniter.php(502): CodeIgniter\CodeIgniter->runController(Object(App\Controllers\RouteController))
10 SYSTEMPATH\CodeIgniter.php(361): CodeIgniter\CodeIgniter->handleRequest(null, Object(Config\Cache), false)
11 FCPATH\index.php(79): CodeIgniter\CodeIgniter->run()
CRITICAL - 2024-05-12 05:45:39 --> [Caused by] mysqli_sql_exception: You have an error in your SQL syntax; check the manual that corresponds to your MySQL server version for the right syntax to use near '), '10:59', '14:59', '2024-05-12 05:45:39')' at line 1
in SYSTEMPATH\Database\MySQLi\Connection.php on line 306.
 1 SYSTEMPATH\Database\MySQLi\Connection.php(306): mysqli->query('INSERT INTO `srctc_routes` (`route_train`, `route_start`, `route_end`, `route_stations`, `departure_time`, `arrival_time`, `created_at`) VALUES (\'4\', \'2\', \'3\', (), \'10:59\', \'14:59\', \'2024-05-12 05:45:39\')', 0)
 2 SYSTEMPATH\Database\BaseConnection.php(693): CodeIgniter\Database\MySQLi\Connection->execute('INSERT INTO `srctc_routes` (`route_train`, `route_start`, `route_end`, `route_stations`, `departure_time`, `arrival_time`, `created_at`) VALUES (\'4\', \'2\', \'3\', (), \'10:59\', \'14:59\', \'2024-05-12 05:45:39\')')
 3 SYSTEMPATH\Database\BaseConnection.php(607): CodeIgniter\Database\BaseConnection->simpleQuery('INSERT INTO `srctc_routes` (`route_train`, `route_start`, `route_end`, `route_stations`, `departure_time`, `arrival_time`, `created_at`) VALUES (\'4\', \'2\', \'3\', (), \'10:59\', \'14:59\', \'2024-05-12 05:45:39\')')
 4 SYSTEMPATH\Database\BaseBuilder.php(2307): CodeIgniter\Database\BaseConnection->query('INSERT INTO `srctc_routes` (`route_train`, `route_start`, `route_end`, `route_stations`, `departure_time`, `arrival_time`, `created_at`) VALUES (:route_train:, :route_start:, :route_end:, :route_stations:, :departure_time:, :arrival_time:, :created_at:)', [...], false)
 5 SYSTEMPATH\Model.php(326): CodeIgniter\Database\BaseBuilder->insert()
 6 SYSTEMPATH\BaseModel.php(802): CodeIgniter\Model->doInsert([...])
 7 SYSTEMPATH\Model.php(744): CodeIgniter\BaseModel->insert([...], true)
 8 APPPATH\Controllers\RouteController.php(52): CodeIgniter\Model->insert([...])
 9 SYSTEMPATH\CodeIgniter.php(941): App\Controllers\RouteController->index()
10 SYSTEMPATH\CodeIgniter.php(502): CodeIgniter\CodeIgniter->runController(Object(App\Controllers\RouteController))
11 SYSTEMPATH\CodeIgniter.php(361): CodeIgniter\CodeIgniter->handleRequest(null, Object(Config\Cache), false)
12 FCPATH\index.php(79): CodeIgniter\CodeIgniter->run()
CRITICAL - 2024-05-12 05:45:47 --> CodeIgniter\Database\Exceptions\DataException: There is no data to update.
in SYSTEMPATH\BaseModel.php on line 970.
 1 SYSTEMPATH\BaseModel.php(970): CodeIgniter\Database\Exceptions\DataException::forEmptyDataset('update')
 2 SYSTEMPATH\Model.php(807): CodeIgniter\BaseModel->update([...], [])
 3 APPPATH\Controllers\RouteController.php(56): CodeIgniter\Model->update('4', [...])
 4 SYSTEMPATH\CodeIgniter.php(941): App\Controllers\RouteController->index()
 5 SYSTEMPATH\CodeIgniter.php(502): CodeIgniter\CodeIgniter->runController(Object(App\Controllers\RouteController))
 6 SYSTEMPATH\CodeIgniter.php(361): CodeIgniter\CodeIgniter->handleRequest(null, Object(Config\Cache), false)
 7 FCPATH\index.php(79): CodeIgniter\CodeIgniter->run()
ERROR - 2024-05-12 05:50:08 --> mysqli_sql_exception: Operand should contain 1 column(s) in C:\laragon\www\SRCTC\system\Database\MySQLi\Connection.php:306
Stack trace:
#0 C:\laragon\www\SRCTC\system\Database\MySQLi\Connection.php(306): mysqli->query('INSERT INTO `sr...', 0)
#1 C:\laragon\www\SRCTC\system\Database\BaseConnection.php(693): CodeIgniter\Database\MySQLi\Connection->execute('INSERT INTO `sr...')
#2 C:\laragon\www\SRCTC\system\Database\BaseConnection.php(607): CodeIgniter\Database\BaseConnection->simpleQuery('INSERT INTO `sr...')
#3 C:\laragon\www\SRCTC\system\Database\BaseBuilder.php(2307): CodeIgniter\Database\BaseConnection->query('INSERT INTO `sr...', Array, false)
#4 C:\laragon\www\SRCTC\system\Model.php(326): CodeIgniter\Database\BaseBuilder->insert()
#5 C:\laragon\www\SRCTC\system\BaseModel.php(802): CodeIgniter\Model->doInsert(Array)
#6 C:\laragon\www\SRCTC\system\Model.php(744): CodeIgniter\BaseModel->insert(Array, true)
#7 C:\laragon\www\SRCTC\app\Controllers\RouteController.php(53): CodeIgniter\Model->insert(Array)
#8 C:\laragon\www\SRCTC\system\CodeIgniter.php(941): App\Controllers\RouteController->index()
#9 C:\laragon\www\SRCTC\system\CodeIgniter.php(502): CodeIgniter\CodeIgniter->runController(Object(App\Controllers\RouteController))
#10 C:\laragon\www\SRCTC\system\CodeIgniter.php(361): CodeIgniter\CodeIgniter->handleRequest(NULL, Object(Config\Cache), false)
#11 C:\laragon\www\SRCTC\index.php(79): CodeIgniter\CodeIgniter->run()
#12 {main}
CRITICAL - 2024-05-12 05:50:08 --> CodeIgniter\Database\Exceptions\DatabaseException: Operand should contain 1 column(s)
in SYSTEMPATH\Database\BaseConnection.php on line 647.
 1 SYSTEMPATH\Database\BaseBuilder.php(2307): CodeIgniter\Database\BaseConnection->query('INSERT INTO `srctc_routes` (`route_train`, `route_start`, `route_end`, `route_stations`, `departure_time`, `arrival_time`, `avl_days`, `created_at`) VALUES (:route_train:, :route_start:, :route_end:, :route_stations:, :departure_time:, :arrival_time:, :avl_days:, :created_at:)', [...], false)
 2 SYSTEMPATH\Model.php(326): CodeIgniter\Database\BaseBuilder->insert()
 3 SYSTEMPATH\BaseModel.php(802): CodeIgniter\Model->doInsert([...])
 4 SYSTEMPATH\Model.php(744): CodeIgniter\BaseModel->insert([...], true)
 5 APPPATH\Controllers\RouteController.php(53): CodeIgniter\Model->insert([...])
 6 SYSTEMPATH\CodeIgniter.php(941): App\Controllers\RouteController->index()
 7 SYSTEMPATH\CodeIgniter.php(502): CodeIgniter\CodeIgniter->runController(Object(App\Controllers\RouteController))
 8 SYSTEMPATH\CodeIgniter.php(361): CodeIgniter\CodeIgniter->handleRequest(null, Object(Config\Cache), false)
 9 FCPATH\index.php(79): CodeIgniter\CodeIgniter->run()
CRITICAL - 2024-05-12 05:50:08 --> [Caused by] CodeIgniter\Database\Exceptions\DatabaseException: Operand should contain 1 column(s)
in SYSTEMPATH\Database\MySQLi\Connection.php on line 311.
 1 SYSTEMPATH\Database\BaseConnection.php(693): CodeIgniter\Database\MySQLi\Connection->execute('INSERT INTO `srctc_routes` (`route_train`, `route_start`, `route_end`, `route_stations`, `departure_time`, `arrival_time`, `avl_days`, `created_at`) VALUES (\'8\', \'3\', \'3\', (\'3,3\',\'3,4\',\'3,5\'), \'10:00\', \'15:00\', \'1,2,3,4,5,6,7\', \'2024-05-12 05:50:08\')')
 2 SYSTEMPATH\Database\BaseConnection.php(607): CodeIgniter\Database\BaseConnection->simpleQuery('INSERT INTO `srctc_routes` (`route_train`, `route_start`, `route_end`, `route_stations`, `departure_time`, `arrival_time`, `avl_days`, `created_at`) VALUES (\'8\', \'3\', \'3\', (\'3,3\',\'3,4\',\'3,5\'), \'10:00\', \'15:00\', \'1,2,3,4,5,6,7\', \'2024-05-12 05:50:08\')')
 3 SYSTEMPATH\Database\BaseBuilder.php(2307): CodeIgniter\Database\BaseConnection->query('INSERT INTO `srctc_routes` (`route_train`, `route_start`, `route_end`, `route_stations`, `departure_time`, `arrival_time`, `avl_days`, `created_at`) VALUES (:route_train:, :route_start:, :route_end:, :route_stations:, :departure_time:, :arrival_time:, :avl_days:, :created_at:)', [...], false)
 4 SYSTEMPATH\Model.php(326): CodeIgniter\Database\BaseBuilder->insert()
 5 SYSTEMPATH\BaseModel.php(802): CodeIgniter\Model->doInsert([...])
 6 SYSTEMPATH\Model.php(744): CodeIgniter\BaseModel->insert([...], true)
 7 APPPATH\Controllers\RouteController.php(53): CodeIgniter\Model->insert([...])
 8 SYSTEMPATH\CodeIgniter.php(941): App\Controllers\RouteController->index()
 9 SYSTEMPATH\CodeIgniter.php(502): CodeIgniter\CodeIgniter->runController(Object(App\Controllers\RouteController))
10 SYSTEMPATH\CodeIgniter.php(361): CodeIgniter\CodeIgniter->handleRequest(null, Object(Config\Cache), false)
11 FCPATH\index.php(79): CodeIgniter\CodeIgniter->run()
CRITICAL - 2024-05-12 05:50:08 --> [Caused by] mysqli_sql_exception: Operand should contain 1 column(s)
in SYSTEMPATH\Database\MySQLi\Connection.php on line 306.
 1 SYSTEMPATH\Database\MySQLi\Connection.php(306): mysqli->query('INSERT INTO `srctc_routes` (`route_train`, `route_start`, `route_end`, `route_stations`, `departure_time`, `arrival_time`, `avl_days`, `created_at`) VALUES (\'8\', \'3\', \'3\', (\'3,3\',\'3,4\',\'3,5\'), \'10:00\', \'15:00\', \'1,2,3,4,5,6,7\', \'2024-05-12 05:50:08\')', 0)
 2 SYSTEMPATH\Database\BaseConnection.php(693): CodeIgniter\Database\MySQLi\Connection->execute('INSERT INTO `srctc_routes` (`route_train`, `route_start`, `route_end`, `route_stations`, `departure_time`, `arrival_time`, `avl_days`, `created_at`) VALUES (\'8\', \'3\', \'3\', (\'3,3\',\'3,4\',\'3,5\'), \'10:00\', \'15:00\', \'1,2,3,4,5,6,7\', \'2024-05-12 05:50:08\')')
 3 SYSTEMPATH\Database\BaseConnection.php(607): CodeIgniter\Database\BaseConnection->simpleQuery('INSERT INTO `srctc_routes` (`route_train`, `route_start`, `route_end`, `route_stations`, `departure_time`, `arrival_time`, `avl_days`, `created_at`) VALUES (\'8\', \'3\', \'3\', (\'3,3\',\'3,4\',\'3,5\'), \'10:00\', \'15:00\', \'1,2,3,4,5,6,7\', \'2024-05-12 05:50:08\')')
 4 SYSTEMPATH\Database\BaseBuilder.php(2307): CodeIgniter\Database\BaseConnection->query('INSERT INTO `srctc_routes` (`route_train`, `route_start`, `route_end`, `route_stations`, `departure_time`, `arrival_time`, `avl_days`, `created_at`) VALUES (:route_train:, :route_start:, :route_end:, :route_stations:, :departure_time:, :arrival_time:, :avl_days:, :created_at:)', [...], false)
 5 SYSTEMPATH\Model.php(326): CodeIgniter\Database\BaseBuilder->insert()
 6 SYSTEMPATH\BaseModel.php(802): CodeIgniter\Model->doInsert([...])
 7 SYSTEMPATH\Model.php(744): CodeIgniter\BaseModel->insert([...], true)
 8 APPPATH\Controllers\RouteController.php(53): CodeIgniter\Model->insert([...])
 9 SYSTEMPATH\CodeIgniter.php(941): App\Controllers\RouteController->index()
10 SYSTEMPATH\CodeIgniter.php(502): CodeIgniter\CodeIgniter->runController(Object(App\Controllers\RouteController))
11 SYSTEMPATH\CodeIgniter.php(361): CodeIgniter\CodeIgniter->handleRequest(null, Object(Config\Cache), false)
12 FCPATH\index.php(79): CodeIgniter\CodeIgniter->run()
ERROR - 2024-05-12 05:50:35 --> mysqli_sql_exception: Operand should contain 1 column(s) in C:\laragon\www\SRCTC\system\Database\MySQLi\Connection.php:306
Stack trace:
#0 C:\laragon\www\SRCTC\system\Database\MySQLi\Connection.php(306): mysqli->query('INSERT INTO `sr...', 0)
#1 C:\laragon\www\SRCTC\system\Database\BaseConnection.php(693): CodeIgniter\Database\MySQLi\Connection->execute('INSERT INTO `sr...')
#2 C:\laragon\www\SRCTC\system\Database\BaseConnection.php(607): CodeIgniter\Database\BaseConnection->simpleQuery('INSERT INTO `sr...')
#3 C:\laragon\www\SRCTC\system\Database\BaseBuilder.php(2307): CodeIgniter\Database\BaseConnection->query('INSERT INTO `sr...', Array, false)
#4 C:\laragon\www\SRCTC\system\Model.php(326): CodeIgniter\Database\BaseBuilder->insert()
#5 C:\laragon\www\SRCTC\system\BaseModel.php(802): CodeIgniter\Model->doInsert(Array)
#6 C:\laragon\www\SRCTC\system\Model.php(744): CodeIgniter\BaseModel->insert(Array, true)
#7 C:\laragon\www\SRCTC\app\Controllers\RouteController.php(52): CodeIgniter\Model->insert(Array)
#8 C:\laragon\www\SRCTC\system\CodeIgniter.php(941): App\Controllers\RouteController->index()
#9 C:\laragon\www\SRCTC\system\CodeIgniter.php(502): CodeIgniter\CodeIgniter->runController(Object(App\Controllers\RouteController))
#10 C:\laragon\www\SRCTC\system\CodeIgniter.php(361): CodeIgniter\CodeIgniter->handleRequest(NULL, Object(Config\Cache), false)
#11 C:\laragon\www\SRCTC\index.php(79): CodeIgniter\CodeIgniter->run()
#12 {main}
CRITICAL - 2024-05-12 05:50:35 --> CodeIgniter\Database\Exceptions\DatabaseException: Operand should contain 1 column(s)
in SYSTEMPATH\Database\BaseConnection.php on line 647.
 1 SYSTEMPATH\Database\BaseBuilder.php(2307): CodeIgniter\Database\BaseConnection->query('INSERT INTO `srctc_routes` (`route_train`, `route_start`, `route_end`, `route_stations`, `departure_time`, `arrival_time`, `avl_days`, `created_at`) VALUES (:route_train:, :route_start:, :route_end:, :route_stations:, :departure_time:, :arrival_time:, :avl_days:, :created_at:)', [...], false)
 2 SYSTEMPATH\Model.php(326): CodeIgniter\Database\BaseBuilder->insert()
 3 SYSTEMPATH\BaseModel.php(802): CodeIgniter\Model->doInsert([...])
 4 SYSTEMPATH\Model.php(744): CodeIgniter\BaseModel->insert([...], true)
 5 APPPATH\Controllers\RouteController.php(52): CodeIgniter\Model->insert([...])
 6 SYSTEMPATH\CodeIgniter.php(941): App\Controllers\RouteController->index()
 7 SYSTEMPATH\CodeIgniter.php(502): CodeIgniter\CodeIgniter->runController(Object(App\Controllers\RouteController))
 8 SYSTEMPATH\CodeIgniter.php(361): CodeIgniter\CodeIgniter->handleRequest(null, Object(Config\Cache), false)
 9 FCPATH\index.php(79): CodeIgniter\CodeIgniter->run()
CRITICAL - 2024-05-12 05:50:35 --> [Caused by] CodeIgniter\Database\Exceptions\DatabaseException: Operand should contain 1 column(s)
in SYSTEMPATH\Database\MySQLi\Connection.php on line 311.
 1 SYSTEMPATH\Database\BaseConnection.php(693): CodeIgniter\Database\MySQLi\Connection->execute('INSERT INTO `srctc_routes` (`route_train`, `route_start`, `route_end`, `route_stations`, `departure_time`, `arrival_time`, `avl_days`, `created_at`) VALUES (\'8\', \'3\', \'3\', (\'3,3\',\'3,4\',\'3,5\'), \'10:00\', \'15:00\', \'1,2,3,4,5,6,7\', \'2024-05-12 05:50:35\')')
 2 SYSTEMPATH\Database\BaseConnection.php(607): CodeIgniter\Database\BaseConnection->simpleQuery('INSERT INTO `srctc_routes` (`route_train`, `route_start`, `route_end`, `route_stations`, `departure_time`, `arrival_time`, `avl_days`, `created_at`) VALUES (\'8\', \'3\', \'3\', (\'3,3\',\'3,4\',\'3,5\'), \'10:00\', \'15:00\', \'1,2,3,4,5,6,7\', \'2024-05-12 05:50:35\')')
 3 SYSTEMPATH\Database\BaseBuilder.php(2307): CodeIgniter\Database\BaseConnection->query('INSERT INTO `srctc_routes` (`route_train`, `route_start`, `route_end`, `route_stations`, `departure_time`, `arrival_time`, `avl_days`, `created_at`) VALUES (:route_train:, :route_start:, :route_end:, :route_stations:, :departure_time:, :arrival_time:, :avl_days:, :created_at:)', [...], false)
 4 SYSTEMPATH\Model.php(326): CodeIgniter\Database\BaseBuilder->insert()
 5 SYSTEMPATH\BaseModel.php(802): CodeIgniter\Model->doInsert([...])
 6 SYSTEMPATH\Model.php(744): CodeIgniter\BaseModel->insert([...], true)
 7 APPPATH\Controllers\RouteController.php(52): CodeIgniter\Model->insert([...])
 8 SYSTEMPATH\CodeIgniter.php(941): App\Controllers\RouteController->index()
 9 SYSTEMPATH\CodeIgniter.php(502): CodeIgniter\CodeIgniter->runController(Object(App\Controllers\RouteController))
10 SYSTEMPATH\CodeIgniter.php(361): CodeIgniter\CodeIgniter->handleRequest(null, Object(Config\Cache), false)
11 FCPATH\index.php(79): CodeIgniter\CodeIgniter->run()
CRITICAL - 2024-05-12 05:50:35 --> [Caused by] mysqli_sql_exception: Operand should contain 1 column(s)
in SYSTEMPATH\Database\MySQLi\Connection.php on line 306.
 1 SYSTEMPATH\Database\MySQLi\Connection.php(306): mysqli->query('INSERT INTO `srctc_routes` (`route_train`, `route_start`, `route_end`, `route_stations`, `departure_time`, `arrival_time`, `avl_days`, `created_at`) VALUES (\'8\', \'3\', \'3\', (\'3,3\',\'3,4\',\'3,5\'), \'10:00\', \'15:00\', \'1,2,3,4,5,6,7\', \'2024-05-12 05:50:35\')', 0)
 2 SYSTEMPATH\Database\BaseConnection.php(693): CodeIgniter\Database\MySQLi\Connection->execute('INSERT INTO `srctc_routes` (`route_train`, `route_start`, `route_end`, `route_stations`, `departure_time`, `arrival_time`, `avl_days`, `created_at`) VALUES (\'8\', \'3\', \'3\', (\'3,3\',\'3,4\',\'3,5\'), \'10:00\', \'15:00\', \'1,2,3,4,5,6,7\', \'2024-05-12 05:50:35\')')
 3 SYSTEMPATH\Database\BaseConnection.php(607): CodeIgniter\Database\BaseConnection->simpleQuery('INSERT INTO `srctc_routes` (`route_train`, `route_start`, `route_end`, `route_stations`, `departure_time`, `arrival_time`, `avl_days`, `created_at`) VALUES (\'8\', \'3\', \'3\', (\'3,3\',\'3,4\',\'3,5\'), \'10:00\', \'15:00\', \'1,2,3,4,5,6,7\', \'2024-05-12 05:50:35\')')
 4 SYSTEMPATH\Database\BaseBuilder.php(2307): CodeIgniter\Database\BaseConnection->query('INSERT INTO `srctc_routes` (`route_train`, `route_start`, `route_end`, `route_stations`, `departure_time`, `arrival_time`, `avl_days`, `created_at`) VALUES (:route_train:, :route_start:, :route_end:, :route_stations:, :departure_time:, :arrival_time:, :avl_days:, :created_at:)', [...], false)
 5 SYSTEMPATH\Model.php(326): CodeIgniter\Database\BaseBuilder->insert()
 6 SYSTEMPATH\BaseModel.php(802): CodeIgniter\Model->doInsert([...])
 7 SYSTEMPATH\Model.php(744): CodeIgniter\BaseModel->insert([...], true)
 8 APPPATH\Controllers\RouteController.php(52): CodeIgniter\Model->insert([...])
 9 SYSTEMPATH\CodeIgniter.php(941): App\Controllers\RouteController->index()
10 SYSTEMPATH\CodeIgniter.php(502): CodeIgniter\CodeIgniter->runController(Object(App\Controllers\RouteController))
11 SYSTEMPATH\CodeIgniter.php(361): CodeIgniter\CodeIgniter->handleRequest(null, Object(Config\Cache), false)
12 FCPATH\index.php(79): CodeIgniter\CodeIgniter->run()
ERROR - 2024-05-12 05:51:54 --> mysqli_sql_exception: Operand should contain 1 column(s) in C:\laragon\www\SRCTC\system\Database\MySQLi\Connection.php:306
Stack trace:
#0 C:\laragon\www\SRCTC\system\Database\MySQLi\Connection.php(306): mysqli->query('INSERT INTO `sr...', 0)
#1 C:\laragon\www\SRCTC\system\Database\BaseConnection.php(693): CodeIgniter\Database\MySQLi\Connection->execute('INSERT INTO `sr...')
#2 C:\laragon\www\SRCTC\system\Database\BaseConnection.php(607): CodeIgniter\Database\BaseConnection->simpleQuery('INSERT INTO `sr...')
#3 C:\laragon\www\SRCTC\system\Database\BaseBuilder.php(2307): CodeIgniter\Database\BaseConnection->query('INSERT INTO `sr...', Array, false)
#4 C:\laragon\www\SRCTC\system\Model.php(326): CodeIgniter\Database\BaseBuilder->insert()
#5 C:\laragon\www\SRCTC\system\BaseModel.php(802): CodeIgniter\Model->doInsert(Array)
#6 C:\laragon\www\SRCTC\system\Model.php(744): CodeIgniter\BaseModel->insert(Array, true)
#7 C:\laragon\www\SRCTC\app\Controllers\RouteController.php(52): CodeIgniter\Model->insert(Array)
#8 C:\laragon\www\SRCTC\system\CodeIgniter.php(941): App\Controllers\RouteController->index()
#9 C:\laragon\www\SRCTC\system\CodeIgniter.php(502): CodeIgniter\CodeIgniter->runController(Object(App\Controllers\RouteController))
#10 C:\laragon\www\SRCTC\system\CodeIgniter.php(361): CodeIgniter\CodeIgniter->handleRequest(NULL, Object(Config\Cache), false)
#11 C:\laragon\www\SRCTC\index.php(79): CodeIgniter\CodeIgniter->run()
#12 {main}
CRITICAL - 2024-05-12 05:51:54 --> CodeIgniter\Database\Exceptions\DatabaseException: Operand should contain 1 column(s)
in SYSTEMPATH\Database\BaseConnection.php on line 647.
 1 SYSTEMPATH\Database\BaseBuilder.php(2307): CodeIgniter\Database\BaseConnection->query('INSERT INTO `srctc_routes` (`route_train`, `route_start`, `route_end`, `route_stations`, `departure_time`, `arrival_time`, `avl_days`, `created_at`) VALUES (:route_train:, :route_start:, :route_end:, :route_stations:, :departure_time:, :arrival_time:, :avl_days:, :created_at:)', [...], false)
 2 SYSTEMPATH\Model.php(326): CodeIgniter\Database\BaseBuilder->insert()
 3 SYSTEMPATH\BaseModel.php(802): CodeIgniter\Model->doInsert([...])
 4 SYSTEMPATH\Model.php(744): CodeIgniter\BaseModel->insert([...], true)
 5 APPPATH\Controllers\RouteController.php(52): CodeIgniter\Model->insert([...])
 6 SYSTEMPATH\CodeIgniter.php(941): App\Controllers\RouteController->index()
 7 SYSTEMPATH\CodeIgniter.php(502): CodeIgniter\CodeIgniter->runController(Object(App\Controllers\RouteController))
 8 SYSTEMPATH\CodeIgniter.php(361): CodeIgniter\CodeIgniter->handleRequest(null, Object(Config\Cache), false)
 9 FCPATH\index.php(79): CodeIgniter\CodeIgniter->run()
CRITICAL - 2024-05-12 05:51:54 --> [Caused by] CodeIgniter\Database\Exceptions\DatabaseException: Operand should contain 1 column(s)
in SYSTEMPATH\Database\MySQLi\Connection.php on line 311.
 1 SYSTEMPATH\Database\BaseConnection.php(693): CodeIgniter\Database\MySQLi\Connection->execute('INSERT INTO `srctc_routes` (`route_train`, `route_start`, `route_end`, `route_stations`, `departure_time`, `arrival_time`, `avl_days`, `created_at`) VALUES (\'8\', \'3\', \'3\', (\'3,3\',\'3,4\',\'3,5\'), \'10:00\', \'15:00\', \'1,2,3,4,5,6,7\', \'2024-05-12 05:51:54\')')
 2 SYSTEMPATH\Database\BaseConnection.php(607): CodeIgniter\Database\BaseConnection->simpleQuery('INSERT INTO `srctc_routes` (`route_train`, `route_start`, `route_end`, `route_stations`, `departure_time`, `arrival_time`, `avl_days`, `created_at`) VALUES (\'8\', \'3\', \'3\', (\'3,3\',\'3,4\',\'3,5\'), \'10:00\', \'15:00\', \'1,2,3,4,5,6,7\', \'2024-05-12 05:51:54\')')
 3 SYSTEMPATH\Database\BaseBuilder.php(2307): CodeIgniter\Database\BaseConnection->query('INSERT INTO `srctc_routes` (`route_train`, `route_start`, `route_end`, `route_stations`, `departure_time`, `arrival_time`, `avl_days`, `created_at`) VALUES (:route_train:, :route_start:, :route_end:, :route_stations:, :departure_time:, :arrival_time:, :avl_days:, :created_at:)', [...], false)
 4 SYSTEMPATH\Model.php(326): CodeIgniter\Database\BaseBuilder->insert()
 5 SYSTEMPATH\BaseModel.php(802): CodeIgniter\Model->doInsert([...])
 6 SYSTEMPATH\Model.php(744): CodeIgniter\BaseModel->insert([...], true)
 7 APPPATH\Controllers\RouteController.php(52): CodeIgniter\Model->insert([...])
 8 SYSTEMPATH\CodeIgniter.php(941): App\Controllers\RouteController->index()
 9 SYSTEMPATH\CodeIgniter.php(502): CodeIgniter\CodeIgniter->runController(Object(App\Controllers\RouteController))
10 SYSTEMPATH\CodeIgniter.php(361): CodeIgniter\CodeIgniter->handleRequest(null, Object(Config\Cache), false)
11 FCPATH\index.php(79): CodeIgniter\CodeIgniter->run()
CRITICAL - 2024-05-12 05:51:54 --> [Caused by] mysqli_sql_exception: Operand should contain 1 column(s)
in SYSTEMPATH\Database\MySQLi\Connection.php on line 306.
 1 SYSTEMPATH\Database\MySQLi\Connection.php(306): mysqli->query('INSERT INTO `srctc_routes` (`route_train`, `route_start`, `route_end`, `route_stations`, `departure_time`, `arrival_time`, `avl_days`, `created_at`) VALUES (\'8\', \'3\', \'3\', (\'3,3\',\'3,4\',\'3,5\'), \'10:00\', \'15:00\', \'1,2,3,4,5,6,7\', \'2024-05-12 05:51:54\')', 0)
 2 SYSTEMPATH\Database\BaseConnection.php(693): CodeIgniter\Database\MySQLi\Connection->execute('INSERT INTO `srctc_routes` (`route_train`, `route_start`, `route_end`, `route_stations`, `departure_time`, `arrival_time`, `avl_days`, `created_at`) VALUES (\'8\', \'3\', \'3\', (\'3,3\',\'3,4\',\'3,5\'), \'10:00\', \'15:00\', \'1,2,3,4,5,6,7\', \'2024-05-12 05:51:54\')')
 3 SYSTEMPATH\Database\BaseConnection.php(607): CodeIgniter\Database\BaseConnection->simpleQuery('INSERT INTO `srctc_routes` (`route_train`, `route_start`, `route_end`, `route_stations`, `departure_time`, `arrival_time`, `avl_days`, `created_at`) VALUES (\'8\', \'3\', \'3\', (\'3,3\',\'3,4\',\'3,5\'), \'10:00\', \'15:00\', \'1,2,3,4,5,6,7\', \'2024-05-12 05:51:54\')')
 4 SYSTEMPATH\Database\BaseBuilder.php(2307): CodeIgniter\Database\BaseConnection->query('INSERT INTO `srctc_routes` (`route_train`, `route_start`, `route_end`, `route_stations`, `departure_time`, `arrival_time`, `avl_days`, `created_at`) VALUES (:route_train:, :route_start:, :route_end:, :route_stations:, :departure_time:, :arrival_time:, :avl_days:, :created_at:)', [...], false)
 5 SYSTEMPATH\Model.php(326): CodeIgniter\Database\BaseBuilder->insert()
 6 SYSTEMPATH\BaseModel.php(802): CodeIgniter\Model->doInsert([...])
 7 SYSTEMPATH\Model.php(744): CodeIgniter\BaseModel->insert([...], true)
 8 APPPATH\Controllers\RouteController.php(52): CodeIgniter\Model->insert([...])
 9 SYSTEMPATH\CodeIgniter.php(941): App\Controllers\RouteController->index()
10 SYSTEMPATH\CodeIgniter.php(502): CodeIgniter\CodeIgniter->runController(Object(App\Controllers\RouteController))
11 SYSTEMPATH\CodeIgniter.php(361): CodeIgniter\CodeIgniter->handleRequest(null, Object(Config\Cache), false)
12 FCPATH\index.php(79): CodeIgniter\CodeIgniter->run()
ERROR - 2024-05-12 05:51:55 --> mysqli_sql_exception: Operand should contain 1 column(s) in C:\laragon\www\SRCTC\system\Database\MySQLi\Connection.php:306
Stack trace:
#0 C:\laragon\www\SRCTC\system\Database\MySQLi\Connection.php(306): mysqli->query('INSERT INTO `sr...', 0)
#1 C:\laragon\www\SRCTC\system\Database\BaseConnection.php(693): CodeIgniter\Database\MySQLi\Connection->execute('INSERT INTO `sr...')
#2 C:\laragon\www\SRCTC\system\Database\BaseConnection.php(607): CodeIgniter\Database\BaseConnection->simpleQuery('INSERT INTO `sr...')
#3 C:\laragon\www\SRCTC\system\Database\BaseBuilder.php(2307): CodeIgniter\Database\BaseConnection->query('INSERT INTO `sr...', Array, false)
#4 C:\laragon\www\SRCTC\system\Model.php(326): CodeIgniter\Database\BaseBuilder->insert()
#5 C:\laragon\www\SRCTC\system\BaseModel.php(802): CodeIgniter\Model->doInsert(Array)
#6 C:\laragon\www\SRCTC\system\Model.php(744): CodeIgniter\BaseModel->insert(Array, true)
#7 C:\laragon\www\SRCTC\app\Controllers\RouteController.php(52): CodeIgniter\Model->insert(Array)
#8 C:\laragon\www\SRCTC\system\CodeIgniter.php(941): App\Controllers\RouteController->index()
#9 C:\laragon\www\SRCTC\system\CodeIgniter.php(502): CodeIgniter\CodeIgniter->runController(Object(App\Controllers\RouteController))
#10 C:\laragon\www\SRCTC\system\CodeIgniter.php(361): CodeIgniter\CodeIgniter->handleRequest(NULL, Object(Config\Cache), false)
#11 C:\laragon\www\SRCTC\index.php(79): CodeIgniter\CodeIgniter->run()
#12 {main}
CRITICAL - 2024-05-12 05:51:55 --> CodeIgniter\Database\Exceptions\DatabaseException: Operand should contain 1 column(s)
in SYSTEMPATH\Database\BaseConnection.php on line 647.
 1 SYSTEMPATH\Database\BaseBuilder.php(2307): CodeIgniter\Database\BaseConnection->query('INSERT INTO `srctc_routes` (`route_train`, `route_start`, `route_end`, `route_stations`, `departure_time`, `arrival_time`, `avl_days`, `created_at`) VALUES (:route_train:, :route_start:, :route_end:, :route_stations:, :departure_time:, :arrival_time:, :avl_days:, :created_at:)', [...], false)
 2 SYSTEMPATH\Model.php(326): CodeIgniter\Database\BaseBuilder->insert()
 3 SYSTEMPATH\BaseModel.php(802): CodeIgniter\Model->doInsert([...])
 4 SYSTEMPATH\Model.php(744): CodeIgniter\BaseModel->insert([...], true)
 5 APPPATH\Controllers\RouteController.php(52): CodeIgniter\Model->insert([...])
 6 SYSTEMPATH\CodeIgniter.php(941): App\Controllers\RouteController->index()
 7 SYSTEMPATH\CodeIgniter.php(502): CodeIgniter\CodeIgniter->runController(Object(App\Controllers\RouteController))
 8 SYSTEMPATH\CodeIgniter.php(361): CodeIgniter\CodeIgniter->handleRequest(null, Object(Config\Cache), false)
 9 FCPATH\index.php(79): CodeIgniter\CodeIgniter->run()
CRITICAL - 2024-05-12 05:51:55 --> [Caused by] CodeIgniter\Database\Exceptions\DatabaseException: Operand should contain 1 column(s)
in SYSTEMPATH\Database\MySQLi\Connection.php on line 311.
 1 SYSTEMPATH\Database\BaseConnection.php(693): CodeIgniter\Database\MySQLi\Connection->execute('INSERT INTO `srctc_routes` (`route_train`, `route_start`, `route_end`, `route_stations`, `departure_time`, `arrival_time`, `avl_days`, `created_at`) VALUES (\'8\', \'3\', \'3\', (\'3,3\',\'3,4\',\'3,5\'), \'10:00\', \'15:00\', \'1,2,3,4,5,6,7\', \'2024-05-12 05:51:55\')')
 2 SYSTEMPATH\Database\BaseConnection.php(607): CodeIgniter\Database\BaseConnection->simpleQuery('INSERT INTO `srctc_routes` (`route_train`, `route_start`, `route_end`, `route_stations`, `departure_time`, `arrival_time`, `avl_days`, `created_at`) VALUES (\'8\', \'3\', \'3\', (\'3,3\',\'3,4\',\'3,5\'), \'10:00\', \'15:00\', \'1,2,3,4,5,6,7\', \'2024-05-12 05:51:55\')')
 3 SYSTEMPATH\Database\BaseBuilder.php(2307): CodeIgniter\Database\BaseConnection->query('INSERT INTO `srctc_routes` (`route_train`, `route_start`, `route_end`, `route_stations`, `departure_time`, `arrival_time`, `avl_days`, `created_at`) VALUES (:route_train:, :route_start:, :route_end:, :route_stations:, :departure_time:, :arrival_time:, :avl_days:, :created_at:)', [...], false)
 4 SYSTEMPATH\Model.php(326): CodeIgniter\Database\BaseBuilder->insert()
 5 SYSTEMPATH\BaseModel.php(802): CodeIgniter\Model->doInsert([...])
 6 SYSTEMPATH\Model.php(744): CodeIgniter\BaseModel->insert([...], true)
 7 APPPATH\Controllers\RouteController.php(52): CodeIgniter\Model->insert([...])
 8 SYSTEMPATH\CodeIgniter.php(941): App\Controllers\RouteController->index()
 9 SYSTEMPATH\CodeIgniter.php(502): CodeIgniter\CodeIgniter->runController(Object(App\Controllers\RouteController))
10 SYSTEMPATH\CodeIgniter.php(361): CodeIgniter\CodeIgniter->handleRequest(null, Object(Config\Cache), false)
11 FCPATH\index.php(79): CodeIgniter\CodeIgniter->run()
CRITICAL - 2024-05-12 05:51:55 --> [Caused by] mysqli_sql_exception: Operand should contain 1 column(s)
in SYSTEMPATH\Database\MySQLi\Connection.php on line 306.
 1 SYSTEMPATH\Database\MySQLi\Connection.php(306): mysqli->query('INSERT INTO `srctc_routes` (`route_train`, `route_start`, `route_end`, `route_stations`, `departure_time`, `arrival_time`, `avl_days`, `created_at`) VALUES (\'8\', \'3\', \'3\', (\'3,3\',\'3,4\',\'3,5\'), \'10:00\', \'15:00\', \'1,2,3,4,5,6,7\', \'2024-05-12 05:51:55\')', 0)
 2 SYSTEMPATH\Database\BaseConnection.php(693): CodeIgniter\Database\MySQLi\Connection->execute('INSERT INTO `srctc_routes` (`route_train`, `route_start`, `route_end`, `route_stations`, `departure_time`, `arrival_time`, `avl_days`, `created_at`) VALUES (\'8\', \'3\', \'3\', (\'3,3\',\'3,4\',\'3,5\'), \'10:00\', \'15:00\', \'1,2,3,4,5,6,7\', \'2024-05-12 05:51:55\')')
 3 SYSTEMPATH\Database\BaseConnection.php(607): CodeIgniter\Database\BaseConnection->simpleQuery('INSERT INTO `srctc_routes` (`route_train`, `route_start`, `route_end`, `route_stations`, `departure_time`, `arrival_time`, `avl_days`, `created_at`) VALUES (\'8\', \'3\', \'3\', (\'3,3\',\'3,4\',\'3,5\'), \'10:00\', \'15:00\', \'1,2,3,4,5,6,7\', \'2024-05-12 05:51:55\')')
 4 SYSTEMPATH\Database\BaseBuilder.php(2307): CodeIgniter\Database\BaseConnection->query('INSERT INTO `srctc_routes` (`route_train`, `route_start`, `route_end`, `route_stations`, `departure_time`, `arrival_time`, `avl_days`, `created_at`) VALUES (:route_train:, :route_start:, :route_end:, :route_stations:, :departure_time:, :arrival_time:, :avl_days:, :created_at:)', [...], false)
 5 SYSTEMPATH\Model.php(326): CodeIgniter\Database\BaseBuilder->insert()
 6 SYSTEMPATH\BaseModel.php(802): CodeIgniter\Model->doInsert([...])
 7 SYSTEMPATH\Model.php(744): CodeIgniter\BaseModel->insert([...], true)
 8 APPPATH\Controllers\RouteController.php(52): CodeIgniter\Model->insert([...])
 9 SYSTEMPATH\CodeIgniter.php(941): App\Controllers\RouteController->index()
10 SYSTEMPATH\CodeIgniter.php(502): CodeIgniter\CodeIgniter->runController(Object(App\Controllers\RouteController))
11 SYSTEMPATH\CodeIgniter.php(361): CodeIgniter\CodeIgniter->handleRequest(null, Object(Config\Cache), false)
12 FCPATH\index.php(79): CodeIgniter\CodeIgniter->run()
ERROR - 2024-05-12 05:52:34 --> mysqli_sql_exception: Operand should contain 1 column(s) in C:\laragon\www\SRCTC\system\Database\MySQLi\Connection.php:306
Stack trace:
#0 C:\laragon\www\SRCTC\system\Database\MySQLi\Connection.php(306): mysqli->query('INSERT INTO `sr...', 0)
#1 C:\laragon\www\SRCTC\system\Database\BaseConnection.php(693): CodeIgniter\Database\MySQLi\Connection->execute('INSERT INTO `sr...')
#2 C:\laragon\www\SRCTC\system\Database\BaseConnection.php(607): CodeIgniter\Database\BaseConnection->simpleQuery('INSERT INTO `sr...')
#3 C:\laragon\www\SRCTC\system\Database\BaseBuilder.php(2307): CodeIgniter\Database\BaseConnection->query('INSERT INTO `sr...', Array, false)
#4 C:\laragon\www\SRCTC\system\Model.php(326): CodeIgniter\Database\BaseBuilder->insert()
#5 C:\laragon\www\SRCTC\system\BaseModel.php(802): CodeIgniter\Model->doInsert(Array)
#6 C:\laragon\www\SRCTC\system\Model.php(744): CodeIgniter\BaseModel->insert(Array, true)
#7 C:\laragon\www\SRCTC\app\Controllers\RouteController.php(52): CodeIgniter\Model->insert(Array)
#8 C:\laragon\www\SRCTC\system\CodeIgniter.php(941): App\Controllers\RouteController->index()
#9 C:\laragon\www\SRCTC\system\CodeIgniter.php(502): CodeIgniter\CodeIgniter->runController(Object(App\Controllers\RouteController))
#10 C:\laragon\www\SRCTC\system\CodeIgniter.php(361): CodeIgniter\CodeIgniter->handleRequest(NULL, Object(Config\Cache), false)
#11 C:\laragon\www\SRCTC\index.php(79): CodeIgniter\CodeIgniter->run()
#12 {main}
CRITICAL - 2024-05-12 05:52:34 --> CodeIgniter\Database\Exceptions\DatabaseException: Operand should contain 1 column(s)
in SYSTEMPATH\Database\BaseConnection.php on line 647.
 1 SYSTEMPATH\Database\BaseBuilder.php(2307): CodeIgniter\Database\BaseConnection->query('INSERT INTO `srctc_routes` (`route_train`, `route_start`, `route_end`, `route_stations`, `departure_time`, `arrival_time`, `avl_days`, `created_at`) VALUES (:route_train:, :route_start:, :route_end:, :route_stations:, :departure_time:, :arrival_time:, :avl_days:, :created_at:)', [...], false)
 2 SYSTEMPATH\Model.php(326): CodeIgniter\Database\BaseBuilder->insert()
 3 SYSTEMPATH\BaseModel.php(802): CodeIgniter\Model->doInsert([...])
 4 SYSTEMPATH\Model.php(744): CodeIgniter\BaseModel->insert([...], true)
 5 APPPATH\Controllers\RouteController.php(52): CodeIgniter\Model->insert([...])
 6 SYSTEMPATH\CodeIgniter.php(941): App\Controllers\RouteController->index()
 7 SYSTEMPATH\CodeIgniter.php(502): CodeIgniter\CodeIgniter->runController(Object(App\Controllers\RouteController))
 8 SYSTEMPATH\CodeIgniter.php(361): CodeIgniter\CodeIgniter->handleRequest(null, Object(Config\Cache), false)
 9 FCPATH\index.php(79): CodeIgniter\CodeIgniter->run()
CRITICAL - 2024-05-12 05:52:34 --> [Caused by] CodeIgniter\Database\Exceptions\DatabaseException: Operand should contain 1 column(s)
in SYSTEMPATH\Database\MySQLi\Connection.php on line 311.
 1 SYSTEMPATH\Database\BaseConnection.php(693): CodeIgniter\Database\MySQLi\Connection->execute('INSERT INTO `srctc_routes` (`route_train`, `route_start`, `route_end`, `route_stations`, `departure_time`, `arrival_time`, `avl_days`, `created_at`) VALUES (\'8\', \'3\', \'3\', (\'3,3\',\'3,4\',\'3,5\'), \'10:00\', \'15:00\', \'1,2,3,4,5,6,7\', \'2024-05-12 05:52:34\')')
 2 SYSTEMPATH\Database\BaseConnection.php(607): CodeIgniter\Database\BaseConnection->simpleQuery('INSERT INTO `srctc_routes` (`route_train`, `route_start`, `route_end`, `route_stations`, `departure_time`, `arrival_time`, `avl_days`, `created_at`) VALUES (\'8\', \'3\', \'3\', (\'3,3\',\'3,4\',\'3,5\'), \'10:00\', \'15:00\', \'1,2,3,4,5,6,7\', \'2024-05-12 05:52:34\')')
 3 SYSTEMPATH\Database\BaseBuilder.php(2307): CodeIgniter\Database\BaseConnection->query('INSERT INTO `srctc_routes` (`route_train`, `route_start`, `route_end`, `route_stations`, `departure_time`, `arrival_time`, `avl_days`, `created_at`) VALUES (:route_train:, :route_start:, :route_end:, :route_stations:, :departure_time:, :arrival_time:, :avl_days:, :created_at:)', [...], false)
 4 SYSTEMPATH\Model.php(326): CodeIgniter\Database\BaseBuilder->insert()
 5 SYSTEMPATH\BaseModel.php(802): CodeIgniter\Model->doInsert([...])
 6 SYSTEMPATH\Model.php(744): CodeIgniter\BaseModel->insert([...], true)
 7 APPPATH\Controllers\RouteController.php(52): CodeIgniter\Model->insert([...])
 8 SYSTEMPATH\CodeIgniter.php(941): App\Controllers\RouteController->index()
 9 SYSTEMPATH\CodeIgniter.php(502): CodeIgniter\CodeIgniter->runController(Object(App\Controllers\RouteController))
10 SYSTEMPATH\CodeIgniter.php(361): CodeIgniter\CodeIgniter->handleRequest(null, Object(Config\Cache), false)
11 FCPATH\index.php(79): CodeIgniter\CodeIgniter->run()
CRITICAL - 2024-05-12 05:52:34 --> [Caused by] mysqli_sql_exception: Operand should contain 1 column(s)
in SYSTEMPATH\Database\MySQLi\Connection.php on line 306.
 1 SYSTEMPATH\Database\MySQLi\Connection.php(306): mysqli->query('INSERT INTO `srctc_routes` (`route_train`, `route_start`, `route_end`, `route_stations`, `departure_time`, `arrival_time`, `avl_days`, `created_at`) VALUES (\'8\', \'3\', \'3\', (\'3,3\',\'3,4\',\'3,5\'), \'10:00\', \'15:00\', \'1,2,3,4,5,6,7\', \'2024-05-12 05:52:34\')', 0)
 2 SYSTEMPATH\Database\BaseConnection.php(693): CodeIgniter\Database\MySQLi\Connection->execute('INSERT INTO `srctc_routes` (`route_train`, `route_start`, `route_end`, `route_stations`, `departure_time`, `arrival_time`, `avl_days`, `created_at`) VALUES (\'8\', \'3\', \'3\', (\'3,3\',\'3,4\',\'3,5\'), \'10:00\', \'15:00\', \'1,2,3,4,5,6,7\', \'2024-05-12 05:52:34\')')
 3 SYSTEMPATH\Database\BaseConnection.php(607): CodeIgniter\Database\BaseConnection->simpleQuery('INSERT INTO `srctc_routes` (`route_train`, `route_start`, `route_end`, `route_stations`, `departure_time`, `arrival_time`, `avl_days`, `created_at`) VALUES (\'8\', \'3\', \'3\', (\'3,3\',\'3,4\',\'3,5\'), \'10:00\', \'15:00\', \'1,2,3,4,5,6,7\', \'2024-05-12 05:52:34\')')
 4 SYSTEMPATH\Database\BaseBuilder.php(2307): CodeIgniter\Database\BaseConnection->query('INSERT INTO `srctc_routes` (`route_train`, `route_start`, `route_end`, `route_stations`, `departure_time`, `arrival_time`, `avl_days`, `created_at`) VALUES (:route_train:, :route_start:, :route_end:, :route_stations:, :departure_time:, :arrival_time:, :avl_days:, :created_at:)', [...], false)
 5 SYSTEMPATH\Model.php(326): CodeIgniter\Database\BaseBuilder->insert()
 6 SYSTEMPATH\BaseModel.php(802): CodeIgniter\Model->doInsert([...])
 7 SYSTEMPATH\Model.php(744): CodeIgniter\BaseModel->insert([...], true)
 8 APPPATH\Controllers\RouteController.php(52): CodeIgniter\Model->insert([...])
 9 SYSTEMPATH\CodeIgniter.php(941): App\Controllers\RouteController->index()
10 SYSTEMPATH\CodeIgniter.php(502): CodeIgniter\CodeIgniter->runController(Object(App\Controllers\RouteController))
11 SYSTEMPATH\CodeIgniter.php(361): CodeIgniter\CodeIgniter->handleRequest(null, Object(Config\Cache), false)
12 FCPATH\index.php(79): CodeIgniter\CodeIgniter->run()
CRITICAL - 2024-05-12 06:05:15 --> CodeIgniter\View\Exceptions\ViewException: Invalid file: "route_list.php"
in SYSTEMPATH\Exceptions\FrameworkException.php on line 39.
 1 SYSTEMPATH\View\View.php(216): CodeIgniter\Exceptions\FrameworkException::forInvalidFile('route_list.php')
 2 SYSTEMPATH\Common.php(1178): CodeIgniter\View\View->render('route_list', [], true)
 3 APPPATH\Controllers\RouteController.php(78): view('route_list')
 4 SYSTEMPATH\CodeIgniter.php(941): App\Controllers\RouteController->route_list()
 5 SYSTEMPATH\CodeIgniter.php(502): CodeIgniter\CodeIgniter->runController(Object(App\Controllers\RouteController))
 6 SYSTEMPATH\CodeIgniter.php(361): CodeIgniter\CodeIgniter->handleRequest(null, Object(Config\Cache), false)
 7 FCPATH\index.php(79): CodeIgniter\CodeIgniter->run()
CRITICAL - 2024-05-12 06:51:31 --> BadMethodCallException: Call to undefined method App\Models\RouteModel::getTrainData
in SYSTEMPATH\Model.php on line 874.
 1 APPPATH\Controllers\RouteController.php(89): CodeIgniter\Model->__call('getTrainData', [...])
 2 SYSTEMPATH\CodeIgniter.php(941): App\Controllers\RouteController->fetch_train_details('3')
 3 SYSTEMPATH\CodeIgniter.php(502): CodeIgniter\CodeIgniter->runController(Object(App\Controllers\RouteController))
 4 SYSTEMPATH\CodeIgniter.php(361): CodeIgniter\CodeIgniter->handleRequest(null, Object(Config\Cache), false)
 5 FCPATH\index.php(79): CodeIgniter\CodeIgniter->run()
CRITICAL - 2024-05-12 06:51:31 --> BadMethodCallException: Call to undefined method App\Models\RouteModel::getTrainData
in SYSTEMPATH\Model.php on line 874.
 1 APPPATH\Controllers\RouteController.php(89): CodeIgniter\Model->__call('getTrainData', [...])
 2 SYSTEMPATH\CodeIgniter.php(941): App\Controllers\RouteController->fetch_train_details('3')
 3 SYSTEMPATH\CodeIgniter.php(502): CodeIgniter\CodeIgniter->runController(Object(App\Controllers\RouteController))
 4 SYSTEMPATH\CodeIgniter.php(361): CodeIgniter\CodeIgniter->handleRequest(null, Object(Config\Cache), false)
 5 FCPATH\index.php(79): CodeIgniter\CodeIgniter->run()
CRITICAL - 2024-05-12 06:52:07 --> BadMethodCallException: Call to undefined method App\Models\RouteModel::getTrainData
in SYSTEMPATH\Model.php on line 874.
 1 APPPATH\Controllers\RouteController.php(89): CodeIgniter\Model->__call('getTrainData', [...])
 2 SYSTEMPATH\CodeIgniter.php(941): App\Controllers\RouteController->fetch_train_details('3')
 3 SYSTEMPATH\CodeIgniter.php(502): CodeIgniter\CodeIgniter->runController(Object(App\Controllers\RouteController))
 4 SYSTEMPATH\CodeIgniter.php(361): CodeIgniter\CodeIgniter->handleRequest(null, Object(Config\Cache), false)
 5 FCPATH\index.php(79): CodeIgniter\CodeIgniter->run()
CRITICAL - 2024-05-12 06:52:07 --> BadMethodCallException: Call to undefined method App\Models\RouteModel::getTrainData
in SYSTEMPATH\Model.php on line 874.
 1 APPPATH\Controllers\RouteController.php(89): CodeIgniter\Model->__call('getTrainData', [...])
 2 SYSTEMPATH\CodeIgniter.php(941): App\Controllers\RouteController->fetch_train_details('3')
 3 SYSTEMPATH\CodeIgniter.php(502): CodeIgniter\CodeIgniter->runController(Object(App\Controllers\RouteController))
 4 SYSTEMPATH\CodeIgniter.php(361): CodeIgniter\CodeIgniter->handleRequest(null, Object(Config\Cache), false)
 5 FCPATH\index.php(79): CodeIgniter\CodeIgniter->run()
CRITICAL - 2024-05-12 11:09:26 --> ErrorException: Invalid argument supplied for foreach()
in APPPATH\Views\Route\add_route.php on line 24.
 1 APPPATH\Views\Route\add_route.php(24): CodeIgniter\Debug\Exceptions->errorHandler(2, 'Invalid argument supplied for foreach()', 'C:\\laragon\\www\\SRCTC\\app\\Views\\Route\\add_route.php', 24, [...])
 2 SYSTEMPATH\View\View.php(228): include('C:\\laragon\\www\\SRCTC\\app\\Views\\Route\\add_route.php')
 3 SYSTEMPATH\View\View.php(231): CodeIgniter\View\View->CodeIgniter\View\{closure}()
 4 SYSTEMPATH\Common.php(1178): CodeIgniter\View\View->render('Route/add_route', [], true)
 5 APPPATH\Controllers\RouteController.php(123): view('Route/add_route', [...])
 6 SYSTEMPATH\CodeIgniter.php(941): App\Controllers\RouteController->route_edit('1')
 7 SYSTEMPATH\CodeIgniter.php(502): CodeIgniter\CodeIgniter->runController(Object(App\Controllers\RouteController))
 8 SYSTEMPATH\CodeIgniter.php(361): CodeIgniter\CodeIgniter->handleRequest(null, Object(Config\Cache), false)
 9 FCPATH\index.php(79): CodeIgniter\CodeIgniter->run()
CRITICAL - 2024-05-12 11:14:26 --> ErrorException: in_array() expects parameter 2 to be array, string given
in APPPATH\Views\Route\add_route.php on line 74.
 1 [internal function]: CodeIgniter\Debug\Exceptions->errorHandler(2, 'in_array() expects parameter 2 to be array, string given', 'C:\\laragon\\www\\SRCTC\\app\\Views\\Route\\add_route.php', 74, [...])
 2 APPPATH\Views\Route\add_route.php(74): in_array('1', '1,2,3,4,5,6,7')
 3 SYSTEMPATH\View\View.php(228): include('C:\\laragon\\www\\SRCTC\\app\\Views\\Route\\add_route.php')
 4 SYSTEMPATH\View\View.php(231): CodeIgniter\View\View->CodeIgniter\View\{closure}()
 5 SYSTEMPATH\Common.php(1178): CodeIgniter\View\View->render('Route/add_route', [], true)
 6 APPPATH\Controllers\RouteController.php(125): view('Route/add_route', [...])
 7 SYSTEMPATH\CodeIgniter.php(941): App\Controllers\RouteController->route_edit('1')
 8 SYSTEMPATH\CodeIgniter.php(502): CodeIgniter\CodeIgniter->runController(Object(App\Controllers\RouteController))
 9 SYSTEMPATH\CodeIgniter.php(361): CodeIgniter\CodeIgniter->handleRequest(null, Object(Config\Cache), false)
10 FCPATH\index.php(79): CodeIgniter\CodeIgniter->run()
CRITICAL - 2024-05-12 13:21:18 --> BadMethodCallException: Call to undefined method App\Models\RoutetariffModel::deleteWhere
in SYSTEMPATH\Model.php on line 874.
 1 APPPATH\Controllers\RouteController.php(160): CodeIgniter\Model->__call('deleteWhere', [...])
 2 SYSTEMPATH\CodeIgniter.php(941): App\Controllers\RouteController->route_edit('2')
 3 SYSTEMPATH\CodeIgniter.php(502): CodeIgniter\CodeIgniter->runController(Object(App\Controllers\RouteController))
 4 SYSTEMPATH\CodeIgniter.php(361): CodeIgniter\CodeIgniter->handleRequest(null, Object(Config\Cache), false)
 5 FCPATH\index.php(79): CodeIgniter\CodeIgniter->run()
CRITICAL - 2024-05-12 13:28:28 --> CodeIgniter\View\Exceptions\ViewException: Invalid file: "Tariff/add_tariffArray.php"
in SYSTEMPATH\Exceptions\FrameworkException.php on line 39.
 1 SYSTEMPATH\View\View.php(216): CodeIgniter\Exceptions\FrameworkException::forInvalidFile('Tariff/add_tariffArray.php')
 2 SYSTEMPATH\Common.php(1178): CodeIgniter\View\View->render('Tariff/add_tariffArray', [], true)
 3 APPPATH\Controllers\TariffController.php(32): view('Tariff/add_tariffArray')
 4 SYSTEMPATH\CodeIgniter.php(941): App\Controllers\TariffController->index()
 5 SYSTEMPATH\CodeIgniter.php(502): CodeIgniter\CodeIgniter->runController(Object(App\Controllers\TariffController))
 6 SYSTEMPATH\CodeIgniter.php(361): CodeIgniter\CodeIgniter->handleRequest(null, Object(Config\Cache), false)
 7 FCPATH\index.php(79): CodeIgniter\CodeIgniter->run()
