CRITICAL - 2024-04-28 06:40:02 --> Error: Class 'App\Models\RouteModel' not found
in APPPATH\Controllers\RouteController.php on line 11.
 1 SYSTEMPATH\CodeIgniter.php(913): App\Controllers\RouteController->__construct()
 2 SYSTEMPATH\CodeIgniter.php(493): CodeIgniter\CodeIgniter->createController()
 3 SYSTEMPATH\CodeIgniter.php(361): CodeIgniter\CodeIgniter->handleRequest(null, Object(Config\Cache), false)
 4 FCPATH\index.php(79): CodeIgniter\CodeIgniter->run()
CRITICAL - 2024-04-28 07:08:34 --> Error: Class 'App\Models\RouteModel' not found
in APPPATH\Controllers\RouteController.php on line 11.
 1 SYSTEMPATH\CodeIgniter.php(913): App\Controllers\RouteController->__construct()
 2 SYSTEMPATH\CodeIgniter.php(493): CodeIgniter\CodeIgniter->createController()
 3 SYSTEMPATH\CodeIgniter.php(361): CodeIgniter\CodeIgniter->handleRequest(null, Object(Config\Cache), false)
 4 FCPATH\index.php(79): CodeIgniter\CodeIgniter->run()
CRITICAL - 2024-04-28 07:09:18 --> Error: Class 'App\Models\RouteModel' not found
in APPPATH\Controllers\RouteController.php on line 11.
 1 SYSTEMPATH\CodeIgniter.php(913): App\Controllers\RouteController->__construct()
 2 SYSTEMPATH\CodeIgniter.php(493): CodeIgniter\CodeIgniter->createController()
 3 SYSTEMPATH\CodeIgniter.php(361): CodeIgniter\CodeIgniter->handleRequest(null, Object(Config\Cache), false)
 4 FCPATH\index.php(79): CodeIgniter\CodeIgniter->run()
CRITICAL - 2024-04-28 08:00:47 --> ErrorException: in_array() expects parameter 2 to be array, null given
in APPPATH\Views\Route\add_route.php on line 45.
 1 [internal function]: CodeIgniter\Debug\Exceptions->errorHandler(2, 'in_array() expects parameter 2 to be array, null given', 'C:\\laragon\\www\\SRCTC\\app\\Views\\Route\\add_route.php', 45, [...])
 2 APPPATH\Views\Route\add_route.php(45): in_array('1', null)
 3 SYSTEMPATH\View\View.php(228): include('C:\\laragon\\www\\SRCTC\\app\\Views\\Route\\add_route.php')
 4 SYSTEMPATH\View\View.php(231): CodeIgniter\View\View->CodeIgniter\View\{closure}()
 5 SYSTEMPATH\Common.php(1178): CodeIgniter\View\View->render('Route/add_route', [], true)
 6 APPPATH\Controllers\RouteController.php(37): view('Route/add_route')
 7 SYSTEMPATH\CodeIgniter.php(941): App\Controllers\RouteController->index()
 8 SYSTEMPATH\CodeIgniter.php(502): CodeIgniter\CodeIgniter->runController(Object(App\Controllers\RouteController))
 9 SYSTEMPATH\CodeIgniter.php(361): CodeIgniter\CodeIgniter->handleRequest(null, Object(Config\Cache), false)
10 FCPATH\index.php(79): CodeIgniter\CodeIgniter->run()
CRITICAL - 2024-04-28 08:02:40 --> ErrorException: in_array() expects parameter 2 to be array, null given
in APPPATH\Views\Route\add_route.php on line 48.
 1 [internal function]: CodeIgniter\Debug\Exceptions->errorHandler(2, 'in_array() expects parameter 2 to be array, null given', 'C:\\laragon\\www\\SRCTC\\app\\Views\\Route\\add_route.php', 48, [...])
 2 APPPATH\Views\Route\add_route.php(48): in_array('1', null)
 3 SYSTEMPATH\View\View.php(228): include('C:\\laragon\\www\\SRCTC\\app\\Views\\Route\\add_route.php')
 4 SYSTEMPATH\View\View.php(231): CodeIgniter\View\View->CodeIgniter\View\{closure}()
 5 SYSTEMPATH\Common.php(1178): CodeIgniter\View\View->render('Route/add_route', [], true)
 6 APPPATH\Controllers\RouteController.php(37): view('Route/add_route')
 7 SYSTEMPATH\CodeIgniter.php(941): App\Controllers\RouteController->index()
 8 SYSTEMPATH\CodeIgniter.php(502): CodeIgniter\CodeIgniter->runController(Object(App\Controllers\RouteController))
 9 SYSTEMPATH\CodeIgniter.php(361): CodeIgniter\CodeIgniter->handleRequest(null, Object(Config\Cache), false)
10 FCPATH\index.php(79): CodeIgniter\CodeIgniter->run()
CRITICAL - 2024-04-28 08:02:44 --> ErrorException: in_array() expects parameter 2 to be array, null given
in APPPATH\Views\Route\add_route.php on line 48.
 1 [internal function]: CodeIgniter\Debug\Exceptions->errorHandler(2, 'in_array() expects parameter 2 to be array, null given', 'C:\\laragon\\www\\SRCTC\\app\\Views\\Route\\add_route.php', 48, [...])
 2 APPPATH\Views\Route\add_route.php(48): in_array('1', null)
 3 SYSTEMPATH\View\View.php(228): include('C:\\laragon\\www\\SRCTC\\app\\Views\\Route\\add_route.php')
 4 SYSTEMPATH\View\View.php(231): CodeIgniter\View\View->CodeIgniter\View\{closure}()
 5 SYSTEMPATH\Common.php(1178): CodeIgniter\View\View->render('Route/add_route', [], true)
 6 APPPATH\Controllers\RouteController.php(37): view('Route/add_route')
 7 SYSTEMPATH\CodeIgniter.php(941): App\Controllers\RouteController->index()
 8 SYSTEMPATH\CodeIgniter.php(502): CodeIgniter\CodeIgniter->runController(Object(App\Controllers\RouteController))
 9 SYSTEMPATH\CodeIgniter.php(361): CodeIgniter\CodeIgniter->handleRequest(null, Object(Config\Cache), false)
10 FCPATH\index.php(79): CodeIgniter\CodeIgniter->run()
CRITICAL - 2024-04-28 08:05:37 --> ErrorException: in_array() expects parameter 2 to be array, null given
in APPPATH\Views\Route\add_route.php on line 48.
 1 [internal function]: CodeIgniter\Debug\Exceptions->errorHandler(2, 'in_array() expects parameter 2 to be array, null given', 'C:\\laragon\\www\\SRCTC\\app\\Views\\Route\\add_route.php', 48, [...])
 2 APPPATH\Views\Route\add_route.php(48): in_array('1', null)
 3 SYSTEMPATH\View\View.php(228): include('C:\\laragon\\www\\SRCTC\\app\\Views\\Route\\add_route.php')
 4 SYSTEMPATH\View\View.php(231): CodeIgniter\View\View->CodeIgniter\View\{closure}()
 5 SYSTEMPATH\Common.php(1178): CodeIgniter\View\View->render('Route/add_route', [], true)
 6 APPPATH\Controllers\RouteController.php(37): view('Route/add_route')
 7 SYSTEMPATH\CodeIgniter.php(941): App\Controllers\RouteController->index()
 8 SYSTEMPATH\CodeIgniter.php(502): CodeIgniter\CodeIgniter->runController(Object(App\Controllers\RouteController))
 9 SYSTEMPATH\CodeIgniter.php(361): CodeIgniter\CodeIgniter->handleRequest(null, Object(Config\Cache), false)
10 FCPATH\index.php(79): CodeIgniter\CodeIgniter->run()
ERROR - 2024-04-28 09:50:18 --> mysqli_sql_exception: Duplicate entry '0' for key 'srctc_feedback.PRIMARY' in C:\laragon\www\SRCTC\system\Database\MySQLi\Connection.php:306
Stack trace:
#0 C:\laragon\www\SRCTC\system\Database\MySQLi\Connection.php(306): mysqli->query('INSERT INTO `sr...', 0)
#1 C:\laragon\www\SRCTC\system\Database\BaseConnection.php(693): CodeIgniter\Database\MySQLi\Connection->execute('INSERT INTO `sr...')
#2 C:\laragon\www\SRCTC\system\Database\BaseConnection.php(607): CodeIgniter\Database\BaseConnection->simpleQuery('INSERT INTO `sr...')
#3 C:\laragon\www\SRCTC\system\Database\BaseBuilder.php(2307): CodeIgniter\Database\BaseConnection->query('INSERT INTO `sr...', Array, false)
#4 C:\laragon\www\SRCTC\system\Model.php(326): CodeIgniter\Database\BaseBuilder->insert()
#5 C:\laragon\www\SRCTC\system\BaseModel.php(802): CodeIgniter\Model->doInsert(Array)
#6 C:\laragon\www\SRCTC\system\Model.php(744): CodeIgniter\BaseModel->insert(Array, true)
#7 C:\laragon\www\SRCTC\app\Controllers\Home.php(260): CodeIgniter\Model->insert(Array)
#8 C:\laragon\www\SRCTC\system\CodeIgniter.php(941): App\Controllers\Home->contact_us()
#9 C:\laragon\www\SRCTC\system\CodeIgniter.php(502): CodeIgniter\CodeIgniter->runController(Object(App\Controllers\Home))
#10 C:\laragon\www\SRCTC\system\CodeIgniter.php(361): CodeIgniter\CodeIgniter->handleRequest(NULL, Object(Config\Cache), false)
#11 C:\laragon\www\SRCTC\index.php(79): CodeIgniter\CodeIgniter->run()
#12 {main}
CRITICAL - 2024-04-28 09:50:18 --> CodeIgniter\Database\Exceptions\DatabaseException: Duplicate entry '0' for key 'srctc_feedback.PRIMARY'
in SYSTEMPATH\Database\BaseConnection.php on line 647.
 1 SYSTEMPATH\Database\BaseBuilder.php(2307): CodeIgniter\Database\BaseConnection->query('INSERT INTO `srctc_feedback` (`name`, `email`, `message`, `rating`, `created_at`) VALUES (:name:, :email:, :message:, :rating:, :created_at:)', [...], false)
 2 SYSTEMPATH\Model.php(326): CodeIgniter\Database\BaseBuilder->insert()
 3 SYSTEMPATH\BaseModel.php(802): CodeIgniter\Model->doInsert([...])
 4 SYSTEMPATH\Model.php(744): CodeIgniter\BaseModel->insert([...], true)
 5 APPPATH\Controllers\Home.php(260): CodeIgniter\Model->insert([...])
 6 SYSTEMPATH\CodeIgniter.php(941): App\Controllers\Home->contact_us()
 7 SYSTEMPATH\CodeIgniter.php(502): CodeIgniter\CodeIgniter->runController(Object(App\Controllers\Home))
 8 SYSTEMPATH\CodeIgniter.php(361): CodeIgniter\CodeIgniter->handleRequest(null, Object(Config\Cache), false)
 9 FCPATH\index.php(79): CodeIgniter\CodeIgniter->run()
CRITICAL - 2024-04-28 09:50:18 --> [Caused by] CodeIgniter\Database\Exceptions\DatabaseException: Duplicate entry '0' for key 'srctc_feedback.PRIMARY'
in SYSTEMPATH\Database\MySQLi\Connection.php on line 311.
 1 SYSTEMPATH\Database\BaseConnection.php(693): CodeIgniter\Database\MySQLi\Connection->execute('INSERT INTO `srctc_feedback` (`name`, `email`, `message`, `rating`, `created_at`) VALUES (\'Test\', \'test@gmail.com\', \'test\', \'3\', \'2024-04-28 09:50:18\')')
 2 SYSTEMPATH\Database\BaseConnection.php(607): CodeIgniter\Database\BaseConnection->simpleQuery('INSERT INTO `srctc_feedback` (`name`, `email`, `message`, `rating`, `created_at`) VALUES (\'Test\', \'test@gmail.com\', \'test\', \'3\', \'2024-04-28 09:50:18\')')
 3 SYSTEMPATH\Database\BaseBuilder.php(2307): CodeIgniter\Database\BaseConnection->query('INSERT INTO `srctc_feedback` (`name`, `email`, `message`, `rating`, `created_at`) VALUES (:name:, :email:, :message:, :rating:, :created_at:)', [...], false)
 4 SYSTEMPATH\Model.php(326): CodeIgniter\Database\BaseBuilder->insert()
 5 SYSTEMPATH\BaseModel.php(802): CodeIgniter\Model->doInsert([...])
 6 SYSTEMPATH\Model.php(744): CodeIgniter\BaseModel->insert([...], true)
 7 APPPATH\Controllers\Home.php(260): CodeIgniter\Model->insert([...])
 8 SYSTEMPATH\CodeIgniter.php(941): App\Controllers\Home->contact_us()
 9 SYSTEMPATH\CodeIgniter.php(502): CodeIgniter\CodeIgniter->runController(Object(App\Controllers\Home))
10 SYSTEMPATH\CodeIgniter.php(361): CodeIgniter\CodeIgniter->handleRequest(null, Object(Config\Cache), false)
11 FCPATH\index.php(79): CodeIgniter\CodeIgniter->run()
CRITICAL - 2024-04-28 09:50:18 --> [Caused by] mysqli_sql_exception: Duplicate entry '0' for key 'srctc_feedback.PRIMARY'
in SYSTEMPATH\Database\MySQLi\Connection.php on line 306.
 1 SYSTEMPATH\Database\MySQLi\Connection.php(306): mysqli->query('INSERT INTO `srctc_feedback` (`name`, `email`, `message`, `rating`, `created_at`) VALUES (\'Test\', \'test@gmail.com\', \'test\', \'3\', \'2024-04-28 09:50:18\')', 0)
 2 SYSTEMPATH\Database\BaseConnection.php(693): CodeIgniter\Database\MySQLi\Connection->execute('INSERT INTO `srctc_feedback` (`name`, `email`, `message`, `rating`, `created_at`) VALUES (\'Test\', \'test@gmail.com\', \'test\', \'3\', \'2024-04-28 09:50:18\')')
 3 SYSTEMPATH\Database\BaseConnection.php(607): CodeIgniter\Database\BaseConnection->simpleQuery('INSERT INTO `srctc_feedback` (`name`, `email`, `message`, `rating`, `created_at`) VALUES (\'Test\', \'test@gmail.com\', \'test\', \'3\', \'2024-04-28 09:50:18\')')
 4 SYSTEMPATH\Database\BaseBuilder.php(2307): CodeIgniter\Database\BaseConnection->query('INSERT INTO `srctc_feedback` (`name`, `email`, `message`, `rating`, `created_at`) VALUES (:name:, :email:, :message:, :rating:, :created_at:)', [...], false)
 5 SYSTEMPATH\Model.php(326): CodeIgniter\Database\BaseBuilder->insert()
 6 SYSTEMPATH\BaseModel.php(802): CodeIgniter\Model->doInsert([...])
 7 SYSTEMPATH\Model.php(744): CodeIgniter\BaseModel->insert([...], true)
 8 APPPATH\Controllers\Home.php(260): CodeIgniter\Model->insert([...])
 9 SYSTEMPATH\CodeIgniter.php(941): App\Controllers\Home->contact_us()
10 SYSTEMPATH\CodeIgniter.php(502): CodeIgniter\CodeIgniter->runController(Object(App\Controllers\Home))
11 SYSTEMPATH\CodeIgniter.php(361): CodeIgniter\CodeIgniter->handleRequest(null, Object(Config\Cache), false)
12 FCPATH\index.php(79): CodeIgniter\CodeIgniter->run()
ERROR - 2024-04-28 09:51:05 --> mysqli_sql_exception: Duplicate entry '0' for key 'srctc_feedback.PRIMARY' in C:\laragon\www\SRCTC\system\Database\MySQLi\Connection.php:306
Stack trace:
#0 C:\laragon\www\SRCTC\system\Database\MySQLi\Connection.php(306): mysqli->query('INSERT INTO `sr...', 0)
#1 C:\laragon\www\SRCTC\system\Database\BaseConnection.php(693): CodeIgniter\Database\MySQLi\Connection->execute('INSERT INTO `sr...')
#2 C:\laragon\www\SRCTC\system\Database\BaseConnection.php(607): CodeIgniter\Database\BaseConnection->simpleQuery('INSERT INTO `sr...')
#3 C:\laragon\www\SRCTC\system\Database\BaseBuilder.php(2307): CodeIgniter\Database\BaseConnection->query('INSERT INTO `sr...', Array, false)
#4 C:\laragon\www\SRCTC\system\Model.php(326): CodeIgniter\Database\BaseBuilder->insert()
#5 C:\laragon\www\SRCTC\system\BaseModel.php(802): CodeIgniter\Model->doInsert(Array)
#6 C:\laragon\www\SRCTC\system\Model.php(744): CodeIgniter\BaseModel->insert(Array, true)
#7 C:\laragon\www\SRCTC\app\Controllers\Home.php(260): CodeIgniter\Model->insert(Array)
#8 C:\laragon\www\SRCTC\system\CodeIgniter.php(941): App\Controllers\Home->contact_us()
#9 C:\laragon\www\SRCTC\system\CodeIgniter.php(502): CodeIgniter\CodeIgniter->runController(Object(App\Controllers\Home))
#10 C:\laragon\www\SRCTC\system\CodeIgniter.php(361): CodeIgniter\CodeIgniter->handleRequest(NULL, Object(Config\Cache), false)
#11 C:\laragon\www\SRCTC\index.php(79): CodeIgniter\CodeIgniter->run()
#12 {main}
CRITICAL - 2024-04-28 09:51:05 --> CodeIgniter\Database\Exceptions\DatabaseException: Duplicate entry '0' for key 'srctc_feedback.PRIMARY'
in SYSTEMPATH\Database\BaseConnection.php on line 647.
 1 SYSTEMPATH\Database\BaseBuilder.php(2307): CodeIgniter\Database\BaseConnection->query('INSERT INTO `srctc_feedback` (`name`, `email`, `message`, `rating`, `created_at`) VALUES (:name:, :email:, :message:, :rating:, :created_at:)', [...], false)
 2 SYSTEMPATH\Model.php(326): CodeIgniter\Database\BaseBuilder->insert()
 3 SYSTEMPATH\BaseModel.php(802): CodeIgniter\Model->doInsert([...])
 4 SYSTEMPATH\Model.php(744): CodeIgniter\BaseModel->insert([...], true)
 5 APPPATH\Controllers\Home.php(260): CodeIgniter\Model->insert([...])
 6 SYSTEMPATH\CodeIgniter.php(941): App\Controllers\Home->contact_us()
 7 SYSTEMPATH\CodeIgniter.php(502): CodeIgniter\CodeIgniter->runController(Object(App\Controllers\Home))
 8 SYSTEMPATH\CodeIgniter.php(361): CodeIgniter\CodeIgniter->handleRequest(null, Object(Config\Cache), false)
 9 FCPATH\index.php(79): CodeIgniter\CodeIgniter->run()
CRITICAL - 2024-04-28 09:51:05 --> [Caused by] CodeIgniter\Database\Exceptions\DatabaseException: Duplicate entry '0' for key 'srctc_feedback.PRIMARY'
in SYSTEMPATH\Database\MySQLi\Connection.php on line 311.
 1 SYSTEMPATH\Database\BaseConnection.php(693): CodeIgniter\Database\MySQLi\Connection->execute('INSERT INTO `srctc_feedback` (`name`, `email`, `message`, `rating`, `created_at`) VALUES (\'Test\', \'test@gmail.com\', \'test\', \'3\', \'2024-04-28 09:51:05\')')
 2 SYSTEMPATH\Database\BaseConnection.php(607): CodeIgniter\Database\BaseConnection->simpleQuery('INSERT INTO `srctc_feedback` (`name`, `email`, `message`, `rating`, `created_at`) VALUES (\'Test\', \'test@gmail.com\', \'test\', \'3\', \'2024-04-28 09:51:05\')')
 3 SYSTEMPATH\Database\BaseBuilder.php(2307): CodeIgniter\Database\BaseConnection->query('INSERT INTO `srctc_feedback` (`name`, `email`, `message`, `rating`, `created_at`) VALUES (:name:, :email:, :message:, :rating:, :created_at:)', [...], false)
 4 SYSTEMPATH\Model.php(326): CodeIgniter\Database\BaseBuilder->insert()
 5 SYSTEMPATH\BaseModel.php(802): CodeIgniter\Model->doInsert([...])
 6 SYSTEMPATH\Model.php(744): CodeIgniter\BaseModel->insert([...], true)
 7 APPPATH\Controllers\Home.php(260): CodeIgniter\Model->insert([...])
 8 SYSTEMPATH\CodeIgniter.php(941): App\Controllers\Home->contact_us()
 9 SYSTEMPATH\CodeIgniter.php(502): CodeIgniter\CodeIgniter->runController(Object(App\Controllers\Home))
10 SYSTEMPATH\CodeIgniter.php(361): CodeIgniter\CodeIgniter->handleRequest(null, Object(Config\Cache), false)
11 FCPATH\index.php(79): CodeIgniter\CodeIgniter->run()
CRITICAL - 2024-04-28 09:51:05 --> [Caused by] mysqli_sql_exception: Duplicate entry '0' for key 'srctc_feedback.PRIMARY'
in SYSTEMPATH\Database\MySQLi\Connection.php on line 306.
 1 SYSTEMPATH\Database\MySQLi\Connection.php(306): mysqli->query('INSERT INTO `srctc_feedback` (`name`, `email`, `message`, `rating`, `created_at`) VALUES (\'Test\', \'test@gmail.com\', \'test\', \'3\', \'2024-04-28 09:51:05\')', 0)
 2 SYSTEMPATH\Database\BaseConnection.php(693): CodeIgniter\Database\MySQLi\Connection->execute('INSERT INTO `srctc_feedback` (`name`, `email`, `message`, `rating`, `created_at`) VALUES (\'Test\', \'test@gmail.com\', \'test\', \'3\', \'2024-04-28 09:51:05\')')
 3 SYSTEMPATH\Database\BaseConnection.php(607): CodeIgniter\Database\BaseConnection->simpleQuery('INSERT INTO `srctc_feedback` (`name`, `email`, `message`, `rating`, `created_at`) VALUES (\'Test\', \'test@gmail.com\', \'test\', \'3\', \'2024-04-28 09:51:05\')')
 4 SYSTEMPATH\Database\BaseBuilder.php(2307): CodeIgniter\Database\BaseConnection->query('INSERT INTO `srctc_feedback` (`name`, `email`, `message`, `rating`, `created_at`) VALUES (:name:, :email:, :message:, :rating:, :created_at:)', [...], false)
 5 SYSTEMPATH\Model.php(326): CodeIgniter\Database\BaseBuilder->insert()
 6 SYSTEMPATH\BaseModel.php(802): CodeIgniter\Model->doInsert([...])
 7 SYSTEMPATH\Model.php(744): CodeIgniter\BaseModel->insert([...], true)
 8 APPPATH\Controllers\Home.php(260): CodeIgniter\Model->insert([...])
 9 SYSTEMPATH\CodeIgniter.php(941): App\Controllers\Home->contact_us()
10 SYSTEMPATH\CodeIgniter.php(502): CodeIgniter\CodeIgniter->runController(Object(App\Controllers\Home))
11 SYSTEMPATH\CodeIgniter.php(361): CodeIgniter\CodeIgniter->handleRequest(null, Object(Config\Cache), false)
12 FCPATH\index.php(79): CodeIgniter\CodeIgniter->run()
ERROR - 2024-04-28 09:52:25 --> mysqli_sql_exception: Duplicate entry '0' for key 'srctc_feedback.PRIMARY' in C:\laragon\www\SRCTC\system\Database\MySQLi\Connection.php:306
Stack trace:
#0 C:\laragon\www\SRCTC\system\Database\MySQLi\Connection.php(306): mysqli->query('INSERT INTO `sr...', 0)
#1 C:\laragon\www\SRCTC\system\Database\BaseConnection.php(693): CodeIgniter\Database\MySQLi\Connection->execute('INSERT INTO `sr...')
#2 C:\laragon\www\SRCTC\system\Database\BaseConnection.php(607): CodeIgniter\Database\BaseConnection->simpleQuery('INSERT INTO `sr...')
#3 C:\laragon\www\SRCTC\system\Database\BaseBuilder.php(2307): CodeIgniter\Database\BaseConnection->query('INSERT INTO `sr...', Array, false)
#4 C:\laragon\www\SRCTC\system\Model.php(326): CodeIgniter\Database\BaseBuilder->insert()
#5 C:\laragon\www\SRCTC\system\BaseModel.php(802): CodeIgniter\Model->doInsert(Array)
#6 C:\laragon\www\SRCTC\system\Model.php(744): CodeIgniter\BaseModel->insert(Array, true)
#7 C:\laragon\www\SRCTC\app\Controllers\Home.php(260): CodeIgniter\Model->insert(Array)
#8 C:\laragon\www\SRCTC\system\CodeIgniter.php(941): App\Controllers\Home->contact_us()
#9 C:\laragon\www\SRCTC\system\CodeIgniter.php(502): CodeIgniter\CodeIgniter->runController(Object(App\Controllers\Home))
#10 C:\laragon\www\SRCTC\system\CodeIgniter.php(361): CodeIgniter\CodeIgniter->handleRequest(NULL, Object(Config\Cache), false)
#11 C:\laragon\www\SRCTC\index.php(79): CodeIgniter\CodeIgniter->run()
#12 {main}
CRITICAL - 2024-04-28 09:52:25 --> CodeIgniter\Database\Exceptions\DatabaseException: Duplicate entry '0' for key 'srctc_feedback.PRIMARY'
in SYSTEMPATH\Database\BaseConnection.php on line 647.
 1 SYSTEMPATH\Database\BaseBuilder.php(2307): CodeIgniter\Database\BaseConnection->query('INSERT INTO `srctc_feedback` (`name`, `email`, `message`, `rating`, `created_at`) VALUES (:name:, :email:, :message:, :rating:, :created_at:)', [...], false)
 2 SYSTEMPATH\Model.php(326): CodeIgniter\Database\BaseBuilder->insert()
 3 SYSTEMPATH\BaseModel.php(802): CodeIgniter\Model->doInsert([...])
 4 SYSTEMPATH\Model.php(744): CodeIgniter\BaseModel->insert([...], true)
 5 APPPATH\Controllers\Home.php(260): CodeIgniter\Model->insert([...])
 6 SYSTEMPATH\CodeIgniter.php(941): App\Controllers\Home->contact_us()
 7 SYSTEMPATH\CodeIgniter.php(502): CodeIgniter\CodeIgniter->runController(Object(App\Controllers\Home))
 8 SYSTEMPATH\CodeIgniter.php(361): CodeIgniter\CodeIgniter->handleRequest(null, Object(Config\Cache), false)
 9 FCPATH\index.php(79): CodeIgniter\CodeIgniter->run()
CRITICAL - 2024-04-28 09:52:25 --> [Caused by] CodeIgniter\Database\Exceptions\DatabaseException: Duplicate entry '0' for key 'srctc_feedback.PRIMARY'
in SYSTEMPATH\Database\MySQLi\Connection.php on line 311.
 1 SYSTEMPATH\Database\BaseConnection.php(693): CodeIgniter\Database\MySQLi\Connection->execute('INSERT INTO `srctc_feedback` (`name`, `email`, `message`, `rating`, `created_at`) VALUES (\'test\', \'test@gmail.com\', \'sbhabsha\', \'5\', \'2024-04-28 09:52:25\')')
 2 SYSTEMPATH\Database\BaseConnection.php(607): CodeIgniter\Database\BaseConnection->simpleQuery('INSERT INTO `srctc_feedback` (`name`, `email`, `message`, `rating`, `created_at`) VALUES (\'test\', \'test@gmail.com\', \'sbhabsha\', \'5\', \'2024-04-28 09:52:25\')')
 3 SYSTEMPATH\Database\BaseBuilder.php(2307): CodeIgniter\Database\BaseConnection->query('INSERT INTO `srctc_feedback` (`name`, `email`, `message`, `rating`, `created_at`) VALUES (:name:, :email:, :message:, :rating:, :created_at:)', [...], false)
 4 SYSTEMPATH\Model.php(326): CodeIgniter\Database\BaseBuilder->insert()
 5 SYSTEMPATH\BaseModel.php(802): CodeIgniter\Model->doInsert([...])
 6 SYSTEMPATH\Model.php(744): CodeIgniter\BaseModel->insert([...], true)
 7 APPPATH\Controllers\Home.php(260): CodeIgniter\Model->insert([...])
 8 SYSTEMPATH\CodeIgniter.php(941): App\Controllers\Home->contact_us()
 9 SYSTEMPATH\CodeIgniter.php(502): CodeIgniter\CodeIgniter->runController(Object(App\Controllers\Home))
10 SYSTEMPATH\CodeIgniter.php(361): CodeIgniter\CodeIgniter->handleRequest(null, Object(Config\Cache), false)
11 FCPATH\index.php(79): CodeIgniter\CodeIgniter->run()
CRITICAL - 2024-04-28 09:52:25 --> [Caused by] mysqli_sql_exception: Duplicate entry '0' for key 'srctc_feedback.PRIMARY'
in SYSTEMPATH\Database\MySQLi\Connection.php on line 306.
 1 SYSTEMPATH\Database\MySQLi\Connection.php(306): mysqli->query('INSERT INTO `srctc_feedback` (`name`, `email`, `message`, `rating`, `created_at`) VALUES (\'test\', \'test@gmail.com\', \'sbhabsha\', \'5\', \'2024-04-28 09:52:25\')', 0)
 2 SYSTEMPATH\Database\BaseConnection.php(693): CodeIgniter\Database\MySQLi\Connection->execute('INSERT INTO `srctc_feedback` (`name`, `email`, `message`, `rating`, `created_at`) VALUES (\'test\', \'test@gmail.com\', \'sbhabsha\', \'5\', \'2024-04-28 09:52:25\')')
 3 SYSTEMPATH\Database\BaseConnection.php(607): CodeIgniter\Database\BaseConnection->simpleQuery('INSERT INTO `srctc_feedback` (`name`, `email`, `message`, `rating`, `created_at`) VALUES (\'test\', \'test@gmail.com\', \'sbhabsha\', \'5\', \'2024-04-28 09:52:25\')')
 4 SYSTEMPATH\Database\BaseBuilder.php(2307): CodeIgniter\Database\BaseConnection->query('INSERT INTO `srctc_feedback` (`name`, `email`, `message`, `rating`, `created_at`) VALUES (:name:, :email:, :message:, :rating:, :created_at:)', [...], false)
 5 SYSTEMPATH\Model.php(326): CodeIgniter\Database\BaseBuilder->insert()
 6 SYSTEMPATH\BaseModel.php(802): CodeIgniter\Model->doInsert([...])
 7 SYSTEMPATH\Model.php(744): CodeIgniter\BaseModel->insert([...], true)
 8 APPPATH\Controllers\Home.php(260): CodeIgniter\Model->insert([...])
 9 SYSTEMPATH\CodeIgniter.php(941): App\Controllers\Home->contact_us()
10 SYSTEMPATH\CodeIgniter.php(502): CodeIgniter\CodeIgniter->runController(Object(App\Controllers\Home))
11 SYSTEMPATH\CodeIgniter.php(361): CodeIgniter\CodeIgniter->handleRequest(null, Object(Config\Cache), false)
12 FCPATH\index.php(79): CodeIgniter\CodeIgniter->run()
