CRITICAL - 2024-05-27 03:10:24 --> ErrorException: Illegal string offset 'route_train'
in APPPATH\Controllers\TicketController.php on line 42.
 1 APPPATH\Controllers\TicketController.php(42): CodeIgniter\Debug\Exceptions->errorHandler(2, 'Illegal string offset \'route_train\'', 'C:\\laragon\\www\\SRCTC\\app\\Controllers\\TicketController.php', 42, [...])
 2 SYSTEMPATH\CodeIgniter.php(941): App\Controllers\TicketController->index()
 3 SYSTEMPATH\CodeIgniter.php(502): CodeIgniter\CodeIgniter->runController(Object(App\Controllers\TicketController))
 4 SYSTEMPATH\CodeIgniter.php(361): CodeIgniter\CodeIgniter->handleRequest(null, Object(Config\Cache), false)
 5 FCPATH\index.php(79): CodeIgniter\CodeIgniter->run()
CRITICAL - 2024-05-27 18:09:08 --> ErrorException: Invalid argument supplied for foreach()
in APPPATH\Views\Ticket\book_ticket.php on line 41.
 1 APPPATH\Views\Ticket\book_ticket.php(41): CodeIgniter\Debug\Exceptions->errorHandler(2, 'Invalid argument supplied for foreach()', 'C:\\laragon\\www\\SRCTC\\app\\Views\\Ticket\\book_ticket.php', 41, [...])
 2 SYSTEMPATH\View\View.php(228): include('C:\\laragon\\www\\SRCTC\\app\\Views\\Ticket\\book_ticket.php')
 3 SYSTEMPATH\View\View.php(231): CodeIgniter\View\View->CodeIgniter\View\{closure}()
 4 SYSTEMPATH\Common.php(1178): CodeIgniter\View\View->render('Ticket/book_ticket', [], true)
 5 APPPATH\Controllers\TicketController.php(67): view('Ticket/book_ticket', [...])
 6 SYSTEMPATH\CodeIgniter.php(941): App\Controllers\TicketController->index()
 7 SYSTEMPATH\CodeIgniter.php(502): CodeIgniter\CodeIgniter->runController(Object(App\Controllers\TicketController))
 8 SYSTEMPATH\CodeIgniter.php(361): CodeIgniter\CodeIgniter->handleRequest(null, Object(Config\Cache), false)
 9 FCPATH\index.php(79): CodeIgniter\CodeIgniter->run()
CRITICAL - 2024-05-27 18:15:43 --> Error: Call to undefined function Saurashtra Mail()
in APPPATH\Views\Ticket\book_ticket.php on line 50.
 1 SYSTEMPATH\View\View.php(228): include()
 2 SYSTEMPATH\View\View.php(231): CodeIgniter\View\View->CodeIgniter\View\{closure}()
 3 SYSTEMPATH\Common.php(1178): CodeIgniter\View\View->render('Ticket/book_ticket', [], true)
 4 APPPATH\Controllers\TicketController.php(67): view('Ticket/book_ticket', [...])
 5 SYSTEMPATH\CodeIgniter.php(941): App\Controllers\TicketController->index()
 6 SYSTEMPATH\CodeIgniter.php(502): CodeIgniter\CodeIgniter->runController(Object(App\Controllers\TicketController))
 7 SYSTEMPATH\CodeIgniter.php(361): CodeIgniter\CodeIgniter->handleRequest(null, Object(Config\Cache), false)
 8 FCPATH\index.php(79): CodeIgniter\CodeIgniter->run()
CRITICAL - 2024-05-27 18:18:09 --> ErrorException: Cannot redeclare formatRunsOnLabel() (previously declared in C:\laragon\www\SRCTC\app\Helpers\custom_helper.php:48)
in APPPATH\Views\Ticket\book_ticket.php on line 62.
 1 [internal function]: CodeIgniter\Debug\Exceptions->shutdownHandler()
